2025-06-23 07:06:49,883 | INFO     | django.utils.autoreload | run_with_reloader    | Line 667  | Watching for file changes with StatReloader
2025-06-23 07:19:08,784 | INFO     | authentication.views | post                 | Line 157  | Login attempt received.
2025-06-23 07:19:09,341 | INFO     | authentication.views | post                 | Line 174  | Login successful for user: abc
2025-06-23 07:23:00,184 | INFO     | authentication.views | post                 | Line 157  | Login attempt received.
2025-06-23 07:23:00,748 | INFO     | authentication.views | post                 | Line 174  | Login successful for user: NikhilVDX
2025-06-23 07:23:06,385 | INFO     | ImageApp1.views | get                  | Line 359  | UserDocumentView accessed by user ID: 7
2025-06-23 07:23:06,387 | INFO     | ImageApp1.views | get                  | Line 366  | Fetching documents for user ID: 7
2025-06-23 07:23:06,414 | INFO     | ImageApp1.views | get                  | Line 375  | 54 documents retrieved successfully.
2025-06-23 07:26:39,046 | INFO     | ImageApp1.views | post                 | Line 571  | Upload request received
2025-06-23 07:26:41,719 | INFO     |            root | post                 | Line 741  | Input tokens: 1563, Output tokens: 66
2025-06-23 07:26:45,501 | INFO     | ImageApp1.views | post                 | Line 782  | Document processed and saved successfully. Document ID: gAAAAABoWQG1VTmlafVS8DsxhXP_lPmjNbmgQOIxSZu9bWkmaZNVd5La6qoHBHla5haOWlISNmcJDUPAKkkUJ79lOoBaSmDxjw==
2025-06-23 07:28:45,767 | INFO     | django.utils.autoreload | trigger_reload       | Line 265  | D:\IDP_AI_App\Backend\Django Projects (2)\Django Projects\ImageExtraction\ImageApp1\views.py changed, reloading.
2025-06-23 07:28:49,504 | INFO     | django.utils.autoreload | run_with_reloader    | Line 667  | Watching for file changes with StatReloader
2025-06-23 07:29:10,416 | INFO     | django.utils.autoreload | trigger_reload       | Line 265  | D:\IDP_AI_App\Backend\Django Projects (2)\Django Projects\ImageExtraction\ImageApp1\views.py changed, reloading.
2025-06-23 07:29:12,201 | INFO     | django.utils.autoreload | run_with_reloader    | Line 667  | Watching for file changes with StatReloader
2025-06-23 07:38:27,614 | INFO     | django.utils.autoreload | trigger_reload       | Line 265  | D:\IDP_AI_App\Backend\Django Projects (2)\Django Projects\ImageExtraction\ImageApp1\views.py changed, reloading.
2025-06-23 07:38:29,542 | INFO     | django.utils.autoreload | run_with_reloader    | Line 667  | Watching for file changes with StatReloader
2025-06-23 07:39:28,362 | INFO     | django.utils.autoreload | trigger_reload       | Line 265  | D:\IDP_AI_App\Backend\Django Projects (2)\Django Projects\ImageExtraction\ImageApp1\views.py changed, reloading.
2025-06-23 07:39:30,291 | INFO     | django.utils.autoreload | run_with_reloader    | Line 667  | Watching for file changes with StatReloader
2025-06-23 07:42:39,005 | INFO     | django.utils.autoreload | trigger_reload       | Line 265  | D:\IDP_AI_App\Backend\Django Projects (2)\Django Projects\ImageExtraction\ImageApp1\views.py changed, reloading.
2025-06-23 07:42:40,802 | INFO     | django.utils.autoreload | run_with_reloader    | Line 667  | Watching for file changes with StatReloader
2025-06-23 07:43:18,339 | INFO     | django.utils.autoreload | trigger_reload       | Line 265  | D:\IDP_AI_App\Backend\Django Projects (2)\Django Projects\ImageExtraction\ImageApp1\views.py changed, reloading.
2025-06-23 07:43:20,144 | INFO     | django.utils.autoreload | run_with_reloader    | Line 667  | Watching for file changes with StatReloader
2025-06-23 07:44:01,531 | INFO     | django.utils.autoreload | trigger_reload       | Line 265  | D:\IDP_AI_App\Backend\Django Projects (2)\Django Projects\ImageExtraction\ImageApp1\views.py changed, reloading.
2025-06-23 07:44:03,360 | INFO     | django.utils.autoreload | run_with_reloader    | Line 667  | Watching for file changes with StatReloader
2025-06-23 07:44:37,094 | INFO     | django.utils.autoreload | trigger_reload       | Line 265  | D:\IDP_AI_App\Backend\Django Projects (2)\Django Projects\ImageExtraction\ImageApp1\views.py changed, reloading.
2025-06-23 07:44:38,820 | INFO     | django.utils.autoreload | run_with_reloader    | Line 667  | Watching for file changes with StatReloader
2025-06-23 08:17:48,948 | INFO     | django.utils.autoreload | trigger_reload       | Line 265  | D:\IDP_AI_App\Backend\Django Projects (2)\Django Projects\ImageExtraction\ImageApp1\views.py changed, reloading.
2025-06-23 08:17:50,612 | INFO     | django.utils.autoreload | run_with_reloader    | Line 667  | Watching for file changes with StatReloader
2025-06-23 08:18:29,809 | INFO     | django.utils.autoreload | trigger_reload       | Line 265  | D:\IDP_AI_App\Backend\Django Projects (2)\Django Projects\ImageExtraction\ImageApp1\urls.py changed, reloading.
2025-06-23 08:18:31,542 | INFO     | django.utils.autoreload | run_with_reloader    | Line 667  | Watching for file changes with StatReloader
2025-06-23 08:19:30,419 | INFO     | django.utils.autoreload | trigger_reload       | Line 265  | D:\IDP_AI_App\Backend\Django Projects (2)\Django Projects\ImageExtraction\ImageApp1\urls.py changed, reloading.
2025-06-23 08:19:32,167 | INFO     | django.utils.autoreload | run_with_reloader    | Line 667  | Watching for file changes with StatReloader
2025-06-23 08:19:41,291 | INFO     | authentication.views | post                 | Line 157  | Login attempt received.
2025-06-23 08:19:41,851 | INFO     | authentication.views | post                 | Line 174  | Login successful for user: abc
2025-06-23 08:21:40,142 | INFO     | django.utils.autoreload | trigger_reload       | Line 265  | D:\IDP_AI_App\Backend\Django Projects (2)\Django Projects\ImageExtraction\ImageApp1\views.py changed, reloading.
2025-06-23 08:21:42,127 | INFO     | django.utils.autoreload | run_with_reloader    | Line 667  | Watching for file changes with StatReloader
2025-06-23 08:22:10,176 | INFO     | django.utils.autoreload | trigger_reload       | Line 265  | D:\IDP_AI_App\Backend\Django Projects (2)\Django Projects\ImageExtraction\ImageApp1\views.py changed, reloading.
2025-06-23 08:22:11,901 | INFO     | django.utils.autoreload | run_with_reloader    | Line 667  | Watching for file changes with StatReloader
2025-06-23 08:23:13,575 | INFO     | django.utils.autoreload | trigger_reload       | Line 265  | D:\IDP_AI_App\Backend\Django Projects (2)\Django Projects\ImageExtraction\ImageApp1\views.py changed, reloading.
2025-06-23 08:23:15,350 | INFO     | django.utils.autoreload | run_with_reloader    | Line 667  | Watching for file changes with StatReloader
2025-06-23 08:23:52,987 | INFO     | django.utils.autoreload | trigger_reload       | Line 265  | D:\IDP_AI_App\Backend\Django Projects (2)\Django Projects\ImageExtraction\ImageApp1\views.py changed, reloading.
2025-06-23 08:23:54,858 | INFO     | django.utils.autoreload | run_with_reloader    | Line 667  | Watching for file changes with StatReloader
2025-06-23 08:32:12,174 | INFO     | django.utils.autoreload | trigger_reload       | Line 265  | D:\IDP_AI_App\Backend\Django Projects (2)\Django Projects\ImageExtraction\ImageApp1\views.py changed, reloading.
2025-06-23 08:32:14,050 | INFO     | django.utils.autoreload | run_with_reloader    | Line 667  | Watching for file changes with StatReloader
2025-06-23 08:33:05,436 | INFO     | authentication.views | post                 | Line 157  | Login attempt received.
2025-06-23 08:33:05,998 | INFO     | authentication.views | post                 | Line 174  | Login successful for user: abc
2025-06-23 08:33:27,650 | INFO     | ImageApp1.views | post                 | Line 292  | Upload request received
2025-06-23 08:33:31,132 | INFO     |            root | post                 | Line 454  | Input tokens: 1563, Output tokens: 239
2025-06-23 08:33:35,183 | INFO     | ImageApp1.views | post                 | Line 495  | Document processed and saved successfully. Document ID: gAAAAABoWRFffHjE_Ej9iZ6dP6jFOTMEmgS-6HdU0vphTjbLv27UsWsC2yy-YRWRoAzbtPzw_oj9_aAJtuTS5nGMXEc8DszwmQ==
2025-06-23 08:34:42,792 | INFO     | django.utils.autoreload | trigger_reload       | Line 265  | D:\IDP_AI_App\Backend\Django Projects (2)\Django Projects\ImageExtraction\ImageApp1\views.py changed, reloading.
2025-06-23 08:34:46,615 | INFO     | django.utils.autoreload | run_with_reloader    | Line 667  | Watching for file changes with StatReloader
2025-06-23 08:35:01,729 | INFO     | django.utils.autoreload | trigger_reload       | Line 265  | D:\IDP_AI_App\Backend\Django Projects (2)\Django Projects\ImageExtraction\ImageApp1\views.py changed, reloading.
2025-06-23 08:35:03,714 | INFO     | django.utils.autoreload | run_with_reloader    | Line 667  | Watching for file changes with StatReloader
2025-06-23 08:35:32,955 | INFO     | authentication.views | post                 | Line 157  | Login attempt received.
2025-06-23 08:35:33,531 | INFO     | authentication.views | post                 | Line 174  | Login successful for user: NikhilVDX
2025-06-23 08:36:00,215 | INFO     | ImageApp1.views | post                 | Line 291  | Upload request received
2025-06-23 08:36:04,899 | INFO     |            root | post                 | Line 453  | Input tokens: 1821, Output tokens: 419
2025-06-23 08:36:08,316 | INFO     | ImageApp1.views | post                 | Line 494  | Document processed and saved successfully. Document ID: gAAAAABoWRH4joaD3UAmvSBCGIqZmIgFWnEL_zDEU2ryZlu3Xyz4yq_e0dw9ra55xSwpQy9yyN0L5pteKGXCmWQpdQTg5jYjyg==
2025-06-23 08:36:08,466 | INFO     | ImageApp1.views | get                  | Line 105  | GetDocumentByIdView called with encrypted ID: gAAAAABoWRH4joaD3UAmvSBCGIqZmIgFWnEL_zDEU2ryZlu3Xyz4yq_e0dw9ra55xSwpQy9yyN0L5pteKGXCmWQpdQTg5jYjyg==
2025-06-23 08:36:08,467 | DEBUG    | ImageApp1.views | get                  | Line 109  | Decrypted ID: 132
2025-06-23 08:36:08,481 | INFO     | ImageApp1.views | get                  | Line 113  | Document 132 retrieved successfully
2025-06-23 08:36:52,428 | INFO     | ImageApp1.views | post                 | Line 291  | Upload request received
2025-06-23 08:36:55,782 | INFO     |            root | post                 | Line 453  | Input tokens: 1305, Output tokens: 277
2025-06-23 08:37:00,045 | INFO     | ImageApp1.views | post                 | Line 494  | Document processed and saved successfully. Document ID: gAAAAABoWRIsnGaqvpXDPVqMLXyKG0qBqerb05rIx3A3eRQdIw8B7IM0jzg3GSZrRkJgK58v7-Ll8_CFhMCgrOne4EKBN8kLpA==
2025-06-23 08:37:00,196 | INFO     | ImageApp1.views | get                  | Line 105  | GetDocumentByIdView called with encrypted ID: gAAAAABoWRIsnGaqvpXDPVqMLXyKG0qBqerb05rIx3A3eRQdIw8B7IM0jzg3GSZrRkJgK58v7-Ll8_CFhMCgrOne4EKBN8kLpA==
2025-06-23 08:37:00,197 | DEBUG    | ImageApp1.views | get                  | Line 109  | Decrypted ID: 133
2025-06-23 08:37:00,210 | INFO     | ImageApp1.views | get                  | Line 113  | Document 133 retrieved successfully
2025-06-23 08:37:56,216 | INFO     | ImageApp1.views | get                  | Line 140  | UserDocumentView accessed by user ID: 7
2025-06-23 08:37:56,217 | INFO     | ImageApp1.views | get                  | Line 147  | Fetching documents for user ID: 7
2025-06-23 08:37:56,244 | INFO     | ImageApp1.views | get                  | Line 156  | 56 documents retrieved successfully.
2025-06-23 08:38:04,587 | INFO     | ImageApp1.views | get                  | Line 105  | GetDocumentByIdView called with encrypted ID: gAAAAABoWRJkByB6v_5-S0gZPwhhtPq0mZYZYK25cODf6MpySP9z9ipzYZsirUHiPCg-L6o0kIPOb40Xevf-anE4HIy_K9t0nQ==
2025-06-23 08:38:04,589 | DEBUG    | ImageApp1.views | get                  | Line 109  | Decrypted ID: 102
2025-06-23 08:38:04,602 | INFO     | ImageApp1.views | get                  | Line 113  | Document 102 retrieved successfully
2025-06-23 08:38:18,950 | INFO     | ImageApp1.views | get                  | Line 140  | UserDocumentView accessed by user ID: 7
2025-06-23 08:38:18,951 | INFO     | ImageApp1.views | get                  | Line 147  | Fetching documents for user ID: 7
2025-06-23 08:38:18,980 | INFO     | ImageApp1.views | get                  | Line 156  | 56 documents retrieved successfully.
2025-06-23 08:38:27,172 | INFO     | ImageApp1.views | get                  | Line 105  | GetDocumentByIdView called with encrypted ID: gAAAAABoWRJ6X8wZWQxqfDNy-Iuob0QBgfA6fzPp6fHwbYfrq6xJjA9R9Hznqcvj9XAvs2_ivPRGXBfCm2EUX7WkQ8o1SJR07Q==
2025-06-23 08:38:27,173 | DEBUG    | ImageApp1.views | get                  | Line 109  | Decrypted ID: 133
2025-06-23 08:38:27,187 | INFO     | ImageApp1.views | get                  | Line 113  | Document 133 retrieved successfully
2025-06-23 08:41:52,628 | INFO     | authentication.views | post                 | Line 157  | Login attempt received.
2025-06-23 08:42:24,672 | INFO     | authentication.views | post                 | Line 157  | Login attempt received.
2025-06-23 08:39:56,368 | INFO     | django.utils.autoreload | trigger_reload       | Line 265  | D:\IDP_AI_App\Backend\Django Projects (2)\Django Projects\ImageExtraction\ImageApp1\views.py changed, reloading.
2025-06-23 08:42:39,008 | INFO     | django.utils.autoreload | run_with_reloader    | Line 667  | Watching for file changes with StatReloader
2025-06-23 08:42:48,055 | INFO     | django.utils.autoreload | run_with_reloader    | Line 667  | Watching for file changes with StatReloader
2025-06-23 08:42:59,660 | INFO     | authentication.views | post                 | Line 157  | Login attempt received.
2025-06-23 08:43:00,236 | INFO     | authentication.views | post                 | Line 174  | Login successful for user: NikhilVDX
2025-06-23 08:43:18,474 | INFO     | ImageApp1.views | post                 | Line 291  | Upload request received
2025-06-23 08:43:22,448 | INFO     |            root | post                 | Line 453  | Input tokens: 1305, Output tokens: 238
2025-06-23 08:43:26,371 | INFO     | ImageApp1.views | post                 | Line 494  | Document processed and saved successfully. Document ID: gAAAAABoWROuDJDhqWrLiu1eJHgHxbT2tmOONR1DubiuCXU-saxYOP9UFVxy79K1Ab2g8yTLlbi9zLys_rWljEthoWfiK-qjqw==
2025-06-23 08:43:26,517 | INFO     | ImageApp1.views | get                  | Line 105  | GetDocumentByIdView called with encrypted ID: gAAAAABoWROuDJDhqWrLiu1eJHgHxbT2tmOONR1DubiuCXU-saxYOP9UFVxy79K1Ab2g8yTLlbi9zLys_rWljEthoWfiK-qjqw==
2025-06-23 08:43:26,518 | DEBUG    | ImageApp1.views | get                  | Line 109  | Decrypted ID: 134
2025-06-23 08:43:26,532 | INFO     | ImageApp1.views | get                  | Line 113  | Document 134 retrieved successfully
2025-06-23 08:44:04,180 | INFO     | ImageApp1.views | post                 | Line 291  | Upload request received
2025-06-23 08:44:29,498 | INFO     | ImageApp1.views | post                 | Line 494  | Document processed and saved successfully. Document ID: gAAAAABoWRPt1JHQ18o0I_-7W1v0Of-KzfLND3_T8YZtCBDPIAacmzI_F7mJUUJ_tqpIOIdKgI6xM8vYBIknFozwyPgN2rHsHg==
2025-06-23 08:44:29,658 | INFO     | ImageApp1.views | get                  | Line 105  | GetDocumentByIdView called with encrypted ID: gAAAAABoWRPt1JHQ18o0I_-7W1v0Of-KzfLND3_T8YZtCBDPIAacmzI_F7mJUUJ_tqpIOIdKgI6xM8vYBIknFozwyPgN2rHsHg==
2025-06-23 08:44:29,659 | DEBUG    | ImageApp1.views | get                  | Line 109  | Decrypted ID: 135
2025-06-23 08:44:29,674 | INFO     | ImageApp1.views | get                  | Line 113  | Document 135 retrieved successfully
2025-06-23 08:46:43,526 | INFO     | authentication.views | post                 | Line 157  | Login attempt received.
2025-06-23 08:46:44,130 | INFO     | authentication.views | post                 | Line 174  | Login successful for user: NikhilVDX
2025-06-23 08:48:28,788 | INFO     | ImageApp1.views | post                 | Line 291  | Upload request received
2025-06-23 08:48:33,177 | INFO     |            root | post                 | Line 453  | Input tokens: 1305, Output tokens: 283
2025-06-23 08:48:36,672 | INFO     | ImageApp1.views | post                 | Line 494  | Document processed and saved successfully. Document ID: gAAAAABoWRTkntpsq4RrjUuqMxUVdU26h6A4NmskPLIEW9fLyw7uESXJsXTkBQQbN6V4DG2C4iriUMKOTSdwkvJmsi36_SwTwQ==
2025-06-23 08:48:36,816 | INFO     | ImageApp1.views | get                  | Line 105  | GetDocumentByIdView called with encrypted ID: gAAAAABoWRTkntpsq4RrjUuqMxUVdU26h6A4NmskPLIEW9fLyw7uESXJsXTkBQQbN6V4DG2C4iriUMKOTSdwkvJmsi36_SwTwQ==
2025-06-23 08:48:36,817 | DEBUG    | ImageApp1.views | get                  | Line 109  | Decrypted ID: 136
2025-06-23 08:48:36,829 | INFO     | ImageApp1.views | get                  | Line 113  | Document 136 retrieved successfully
2025-06-23 08:50:25,076 | INFO     | django.utils.autoreload | trigger_reload       | Line 265  | D:\IDP_AI_App\Backend\Django Projects (2)\Django Projects\ImageExtraction\ImageApp1\views.py changed, reloading.
2025-06-23 08:50:28,947 | INFO     | django.utils.autoreload | run_with_reloader    | Line 667  | Watching for file changes with StatReloader
2025-06-23 08:50:39,471 | INFO     | django.utils.autoreload | trigger_reload       | Line 265  | D:\IDP_AI_App\Backend\Django Projects (2)\Django Projects\ImageExtraction\authentication\views.py changed, reloading.
2025-06-23 08:50:41,267 | INFO     | django.utils.autoreload | run_with_reloader    | Line 667  | Watching for file changes with StatReloader
2025-06-23 08:51:06,467 | INFO     | authentication.views | post                 | Line 155  | Login attempt received.
2025-06-23 08:51:07,024 | INFO     | authentication.views | post                 | Line 172  | Login successful for user: NikhilVDX
2025-06-23 08:51:18,133 | INFO     | ImageApp1.views | post                 | Line 291  | Upload request received
2025-06-23 08:51:23,335 | INFO     |            root | post                 | Line 453  | Input tokens: 1305, Output tokens: 649
2025-06-23 08:51:30,231 | INFO     | ImageApp1.views | post                 | Line 494  | Document processed and saved successfully. Document ID: gAAAAABoWRWSNTDUmIMd435bu0eX7QiVNnoaTE-NRlb7v8l01bTRf_1kdIATr4lXbdy9TDnywTJLf-sgRFjKW9Sdu42T1mgynA==
2025-06-23 08:51:30,388 | INFO     | ImageApp1.views | get                  | Line 105  | GetDocumentByIdView called with encrypted ID: gAAAAABoWRWSNTDUmIMd435bu0eX7QiVNnoaTE-NRlb7v8l01bTRf_1kdIATr4lXbdy9TDnywTJLf-sgRFjKW9Sdu42T1mgynA==
2025-06-23 08:51:30,389 | DEBUG    | ImageApp1.views | get                  | Line 109  | Decrypted ID: 137
2025-06-23 08:51:30,402 | INFO     | ImageApp1.views | get                  | Line 113  | Document 137 retrieved successfully
2025-06-23 08:53:04,535 | INFO     | authentication.views | post                 | Line 155  | Login attempt received.
2025-06-23 08:53:05,095 | INFO     | authentication.views | post                 | Line 172  | Login successful for user: NikhilVDX
2025-06-23 08:53:18,044 | INFO     | ImageApp1.views | post                 | Line 291  | Upload request received
2025-06-23 08:53:21,695 | INFO     |            root | post                 | Line 453  | Input tokens: 1305, Output tokens: 277
2025-06-23 08:53:25,437 | INFO     | ImageApp1.views | post                 | Line 494  | Document processed and saved successfully. Document ID: gAAAAABoWRYF1_xG6ElfI_V8Gao_MUxpwXjl8_r-54adSjPlqens6W7zJOkcFaUmkKj_qMyDHWrBX0LFeluHpj13SEzU6xVE1A==
2025-06-23 08:53:25,587 | INFO     | ImageApp1.views | get                  | Line 105  | GetDocumentByIdView called with encrypted ID: gAAAAABoWRYF1_xG6ElfI_V8Gao_MUxpwXjl8_r-54adSjPlqens6W7zJOkcFaUmkKj_qMyDHWrBX0LFeluHpj13SEzU6xVE1A==
2025-06-23 08:53:25,588 | DEBUG    | ImageApp1.views | get                  | Line 109  | Decrypted ID: 138
2025-06-23 08:53:25,602 | INFO     | ImageApp1.views | get                  | Line 113  | Document 138 retrieved successfully
2025-06-23 08:54:41,190 | INFO     | django.utils.autoreload | trigger_reload       | Line 265  | D:\IDP_AI_App\Backend\Django Projects (2)\Django Projects\ImageExtraction\ImageApp1\views.py changed, reloading.
2025-06-23 08:54:44,960 | INFO     | django.utils.autoreload | run_with_reloader    | Line 667  | Watching for file changes with StatReloader
2025-06-23 08:54:52,280 | INFO     | authentication.views | post                 | Line 155  | Login attempt received.
2025-06-23 08:54:52,835 | INFO     | authentication.views | post                 | Line 172  | Login successful for user: NikhilVDX
2025-06-23 08:55:08,557 | INFO     | ImageApp1.views | post                 | Line 291  | Upload request received
2025-06-23 08:55:12,646 | INFO     |            root | post                 | Line 453  | Input tokens: 1305, Output tokens: 184
2025-06-23 08:55:14,215 | INFO     | ImageApp1.views | post                 | Line 494  | Document processed and saved successfully. Document ID: gAAAAABoWRZysBSP0L9MsQNweQ01mS_qGRNJqX7KYDarS7tUJtyGK7HW_FDp8_NWlYyl2_pMcUnxHsbIEzn9w-cXa0AWtlBiKg==
2025-06-23 08:55:14,379 | INFO     | ImageApp1.views | get                  | Line 105  | GetDocumentByIdView called with encrypted ID: gAAAAABoWRZysBSP0L9MsQNweQ01mS_qGRNJqX7KYDarS7tUJtyGK7HW_FDp8_NWlYyl2_pMcUnxHsbIEzn9w-cXa0AWtlBiKg==
2025-06-23 08:55:14,380 | DEBUG    | ImageApp1.views | get                  | Line 109  | Decrypted ID: 139
2025-06-23 08:55:14,395 | INFO     | ImageApp1.views | get                  | Line 113  | Document 139 retrieved successfully
2025-06-23 08:58:18,786 | INFO     | authentication.views | post                 | Line 155  | Login attempt received.
2025-06-23 08:58:19,377 | INFO     | authentication.views | post                 | Line 172  | Login successful for user: NikhilVDX
2025-06-23 09:00:14,966 | INFO     | ImageApp1.views | post                 | Line 291  | Upload request received
2025-06-23 09:00:20,068 | INFO     |            root | post                 | Line 453  | Input tokens: 1305, Output tokens: 228
2025-06-23 09:00:21,812 | INFO     | ImageApp1.views | post                 | Line 494  | Document processed and saved successfully. Document ID: gAAAAABoWRelBaA9aKWUJ4dtWxdM95fIRGiGkeFnBo2BBBcrhbtv04hwCFJrsc1bC-PszXgyWZWcl2DcIn_HMzXD9EckleEYkg==
2025-06-23 09:00:21,958 | INFO     | ImageApp1.views | get                  | Line 105  | GetDocumentByIdView called with encrypted ID: gAAAAABoWRelBaA9aKWUJ4dtWxdM95fIRGiGkeFnBo2BBBcrhbtv04hwCFJrsc1bC-PszXgyWZWcl2DcIn_HMzXD9EckleEYkg==
2025-06-23 09:00:21,959 | DEBUG    | ImageApp1.views | get                  | Line 109  | Decrypted ID: 140
2025-06-23 09:00:21,972 | INFO     | ImageApp1.views | get                  | Line 113  | Document 140 retrieved successfully
2025-06-23 09:00:58,533 | INFO     | django.utils.autoreload | trigger_reload       | Line 265  | D:\IDP_AI_App\Backend\Django Projects (2)\Django Projects\ImageExtraction\ImageApp1\views.py changed, reloading.
2025-06-23 09:01:02,348 | INFO     | django.utils.autoreload | run_with_reloader    | Line 667  | Watching for file changes with StatReloader
2025-06-23 09:01:10,675 | INFO     | authentication.views | post                 | Line 155  | Login attempt received.
2025-06-23 09:01:11,241 | INFO     | authentication.views | post                 | Line 172  | Login successful for user: NikhilVDX
2025-06-23 09:01:22,000 | INFO     | ImageApp1.views | post                 | Line 291  | Upload request received
2025-06-23 09:01:25,644 | INFO     |            root | post                 | Line 453  | Input tokens: 1305, Output tokens: 207
2025-06-23 09:01:27,471 | INFO     | ImageApp1.views | post                 | Line 494  | Document processed and saved successfully. Document ID: gAAAAABoWRfnPBkpvHYm8V9NHuE27NyXz4kb1XEiuIPQZ0OSNMGXlQDeyiel6h8N5sy0MWuBMQR5qn9QCeU5GQgKMsvvLhOblg==
2025-06-23 09:01:27,622 | INFO     | ImageApp1.views | get                  | Line 105  | GetDocumentByIdView called with encrypted ID: gAAAAABoWRfnPBkpvHYm8V9NHuE27NyXz4kb1XEiuIPQZ0OSNMGXlQDeyiel6h8N5sy0MWuBMQR5qn9QCeU5GQgKMsvvLhOblg==
2025-06-23 09:01:27,623 | DEBUG    | ImageApp1.views | get                  | Line 109  | Decrypted ID: 141
2025-06-23 09:01:27,635 | INFO     | ImageApp1.views | get                  | Line 113  | Document 141 retrieved successfully
2025-06-23 09:01:53,975 | INFO     | django.utils.autoreload | trigger_reload       | Line 265  | D:\IDP_AI_App\Backend\Django Projects (2)\Django Projects\ImageExtraction\ImageApp1\views.py changed, reloading.
2025-06-23 09:01:57,758 | INFO     | django.utils.autoreload | run_with_reloader    | Line 667  | Watching for file changes with StatReloader
2025-06-23 09:02:08,117 | INFO     | django.utils.autoreload | trigger_reload       | Line 265  | D:\IDP_AI_App\Backend\Django Projects (2)\Django Projects\ImageExtraction\ImageApp1\views.py changed, reloading.
2025-06-23 09:02:10,103 | INFO     | django.utils.autoreload | run_with_reloader    | Line 667  | Watching for file changes with StatReloader
2025-06-23 09:02:19,412 | INFO     | django.utils.autoreload | run_with_reloader    | Line 667  | Watching for file changes with StatReloader
2025-06-23 09:02:31,042 | INFO     | authentication.views | post                 | Line 155  | Login attempt received.
2025-06-23 09:02:31,597 | INFO     | authentication.views | post                 | Line 172  | Login successful for user: NikhilVDX
2025-06-23 09:02:43,953 | INFO     | ImageApp1.views | post                 | Line 291  | Upload request received
2025-06-23 09:02:47,379 | INFO     |            root | post                 | Line 453  | Input tokens: 1305, Output tokens: 196
2025-06-23 09:02:49,007 | INFO     | ImageApp1.views | post                 | Line 494  | Document processed and saved successfully. Document ID: gAAAAABoWRg5phcbR0FmXkBMHytQay-KkNRAiVmBM0VB-H3TihDRZk8-i2MEtrNn2vBs_5vVPSJGWZvbdwJ9olAHCRIXODYWDQ==
2025-06-23 09:02:49,166 | INFO     | ImageApp1.views | get                  | Line 105  | GetDocumentByIdView called with encrypted ID: gAAAAABoWRg5phcbR0FmXkBMHytQay-KkNRAiVmBM0VB-H3TihDRZk8-i2MEtrNn2vBs_5vVPSJGWZvbdwJ9olAHCRIXODYWDQ==
2025-06-23 09:02:49,167 | DEBUG    | ImageApp1.views | get                  | Line 109  | Decrypted ID: 142
2025-06-23 09:02:49,181 | INFO     | ImageApp1.views | get                  | Line 113  | Document 142 retrieved successfully
2025-06-23 09:05:24,632 | INFO     | django.utils.autoreload | trigger_reload       | Line 265  | D:\IDP_AI_App\Backend\Django Projects (2)\Django Projects\ImageExtraction\ImageApp1\views.py changed, reloading.
2025-06-23 09:05:28,398 | INFO     | django.utils.autoreload | run_with_reloader    | Line 667  | Watching for file changes with StatReloader
2025-06-23 09:05:36,382 | INFO     | django.utils.autoreload | trigger_reload       | Line 265  | D:\IDP_AI_App\Backend\Django Projects (2)\Django Projects\ImageExtraction\ImageApp1\views.py changed, reloading.
2025-06-23 09:05:38,294 | INFO     | django.utils.autoreload | run_with_reloader    | Line 667  | Watching for file changes with StatReloader
2025-06-23 09:05:50,089 | INFO     | authentication.views | post                 | Line 155  | Login attempt received.
2025-06-23 09:05:50,648 | INFO     | authentication.views | post                 | Line 172  | Login successful for user: NikhilVDX
2025-06-23 09:06:03,494 | INFO     | ImageApp1.views | post                 | Line 570  | Upload request received
2025-06-23 09:06:07,843 | INFO     |            root | post                 | Line 740  | Input tokens: 1305, Output tokens: 277
2025-06-23 09:06:11,639 | INFO     | ImageApp1.views | post                 | Line 781  | Document processed and saved successfully. Document ID: gAAAAABoWRkDMkkGLvTLZaonKtjnhhcrlLCgKVkoB4FCMPOgzjpms4M9vMJHqsPEP25YuEAtof6WuQ3SSkdYnBNU7bQ7V7kIhw==
2025-06-23 09:06:11,803 | INFO     | ImageApp1.views | get                  | Line 294  | GetDocumentByIdView called with encrypted ID: gAAAAABoWRkDMkkGLvTLZaonKtjnhhcrlLCgKVkoB4FCMPOgzjpms4M9vMJHqsPEP25YuEAtof6WuQ3SSkdYnBNU7bQ7V7kIhw==
2025-06-23 09:06:11,804 | DEBUG    | ImageApp1.views | get                  | Line 298  | Decrypted ID: 143
2025-06-23 09:06:11,822 | INFO     | ImageApp1.views | get                  | Line 302  | Document 143 retrieved successfully
2025-06-23 09:06:39,927 | INFO     | authentication.views | post                 | Line 155  | Login attempt received.
2025-06-23 09:06:40,510 | INFO     | authentication.views | post                 | Line 172  | Login successful for user: NikhilVDX
2025-06-23 09:06:52,530 | INFO     | ImageApp1.views | post                 | Line 570  | Upload request received
2025-06-23 09:06:56,040 | INFO     |            root | post                 | Line 740  | Input tokens: 1305, Output tokens: 277
2025-06-23 09:06:59,676 | INFO     | ImageApp1.views | post                 | Line 781  | Document processed and saved successfully. Document ID: gAAAAABoWRkzT7x4MyMJZlzbHUsvHStoR0zrdr_XouKLB7i3qplkzczWM3yl2pQBj72tQxp8w_z7tzanyl-lDJ28EZhSbhGiHw==
2025-06-23 09:06:59,833 | INFO     | ImageApp1.views | get                  | Line 294  | GetDocumentByIdView called with encrypted ID: gAAAAABoWRkzT7x4MyMJZlzbHUsvHStoR0zrdr_XouKLB7i3qplkzczWM3yl2pQBj72tQxp8w_z7tzanyl-lDJ28EZhSbhGiHw==
2025-06-23 09:06:59,834 | DEBUG    | ImageApp1.views | get                  | Line 298  | Decrypted ID: 144
2025-06-23 09:06:59,847 | INFO     | ImageApp1.views | get                  | Line 302  | Document 144 retrieved successfully
2025-06-23 09:07:31,434 | INFO     | django.utils.autoreload | trigger_reload       | Line 265  | D:\IDP_AI_App\Backend\Django Projects (2)\Django Projects\ImageExtraction\ImageApp1\views.py changed, reloading.
2025-06-23 09:07:35,094 | INFO     | django.utils.autoreload | run_with_reloader    | Line 667  | Watching for file changes with StatReloader
2025-06-23 09:12:59,808 | INFO     | django.utils.autoreload | trigger_reload       | Line 265  | D:\IDP_AI_App\Backend\Django Projects (2)\Django Projects\ImageExtraction\ImageApp1\views.py changed, reloading.
2025-06-23 09:13:01,731 | INFO     | django.utils.autoreload | run_with_reloader    | Line 667  | Watching for file changes with StatReloader
2025-06-23 09:13:20,532 | INFO     | django.utils.autoreload | trigger_reload       | Line 265  | D:\IDP_AI_App\Backend\Django Projects (2)\Django Projects\ImageExtraction\ImageApp1\views.py changed, reloading.
2025-06-23 09:13:22,152 | INFO     | django.utils.autoreload | run_with_reloader    | Line 667  | Watching for file changes with StatReloader
2025-06-23 09:13:46,645 | INFO     | authentication.views | post                 | Line 155  | Login attempt received.
2025-06-23 09:13:47,217 | INFO     | authentication.views | post                 | Line 172  | Login successful for user: NikhilVDX
2025-06-23 09:13:57,486 | INFO     | ImageApp1.views | post                 | Line 568  | Upload request received
2025-06-23 09:14:00,992 | INFO     |            root | post                 | Line 738  | Input tokens: 1305, Output tokens: 274
2025-06-23 09:14:04,459 | INFO     | ImageApp1.views | post                 | Line 779  | Document processed and saved successfully. Document ID: gAAAAABoWRrc8Coo8iTz9I-P0x6Hc94wtbfIKT81e70twS6nGExg55zLwv3fBLaBkgE8UgfAnk1UXl3UUUnd7Uo5A3p5P9fmYQ==
2025-06-23 09:14:04,614 | INFO     | ImageApp1.views | get                  | Line 292  | GetDocumentByIdView called with encrypted ID: gAAAAABoWRrc8Coo8iTz9I-P0x6Hc94wtbfIKT81e70twS6nGExg55zLwv3fBLaBkgE8UgfAnk1UXl3UUUnd7Uo5A3p5P9fmYQ==
2025-06-23 09:14:04,615 | DEBUG    | ImageApp1.views | get                  | Line 296  | Decrypted ID: 145
2025-06-23 09:14:04,628 | INFO     | ImageApp1.views | get                  | Line 300  | Document 145 retrieved successfully
2025-06-23 09:22:11,758 | INFO     | django.utils.autoreload | trigger_reload       | Line 265  | D:\IDP_AI_App\Backend\Django Projects (2)\Django Projects\ImageExtraction\ImageApp1\views.py changed, reloading.
2025-06-23 09:22:15,476 | INFO     | django.utils.autoreload | run_with_reloader    | Line 667  | Watching for file changes with StatReloader
2025-06-23 09:22:33,308 | INFO     | authentication.views | post                 | Line 155  | Login attempt received.
2025-06-23 09:22:33,865 | INFO     | authentication.views | post                 | Line 172  | Login successful for user: NikhilVDX
2025-06-23 09:22:46,234 | INFO     | ImageApp1.views | post                 | Line 400  | Upload request received
2025-06-23 09:22:49,939 | INFO     |            root | post                 | Line 570  | Input tokens: 1305, Output tokens: 277
2025-06-23 09:22:54,018 | INFO     | ImageApp1.views | post                 | Line 611  | Document processed and saved successfully. Document ID: gAAAAABoWRzupZ3fXn5UBYbfexcQmBIwSJ7aWwH2a_GncOYYRrsVlhim4uxFu_096USacK6rVBhq9z4MLmkE3h5JHVmEeh0zJw==
2025-06-23 09:22:54,182 | INFO     | ImageApp1.views | get                  | Line 215  | GetDocumentByIdView called with encrypted ID: gAAAAABoWRzupZ3fXn5UBYbfexcQmBIwSJ7aWwH2a_GncOYYRrsVlhim4uxFu_096USacK6rVBhq9z4MLmkE3h5JHVmEeh0zJw==
2025-06-23 09:22:54,183 | DEBUG    | ImageApp1.views | get                  | Line 219  | Decrypted ID: 146
2025-06-23 09:22:54,199 | INFO     | ImageApp1.views | get                  | Line 223  | Document 146 retrieved successfully
2025-06-23 09:23:32,661 | INFO     | ImageApp1.views | post                 | Line 400  | Upload request received
2025-06-23 09:23:36,346 | INFO     |            root | post                 | Line 570  | Input tokens: 1563, Output tokens: 424
2025-06-23 09:23:42,413 | INFO     | ImageApp1.views | post                 | Line 611  | Document processed and saved successfully. Document ID: gAAAAABoWR0e7WjPwo8eYiu86ZFseHkJ0pXR5Q5mcavW4U-b9VGUZVgY1B8e9GXgv5p93kBQTVh-ecLTBc5qGsnfSiGF5CawOQ==
2025-06-23 09:23:42,560 | INFO     | ImageApp1.views | get                  | Line 215  | GetDocumentByIdView called with encrypted ID: gAAAAABoWR0e7WjPwo8eYiu86ZFseHkJ0pXR5Q5mcavW4U-b9VGUZVgY1B8e9GXgv5p93kBQTVh-ecLTBc5qGsnfSiGF5CawOQ==
2025-06-23 09:23:42,561 | DEBUG    | ImageApp1.views | get                  | Line 219  | Decrypted ID: 147
2025-06-23 09:23:42,573 | INFO     | ImageApp1.views | get                  | Line 223  | Document 147 retrieved successfully
2025-06-23 09:24:18,310 | INFO     | ImageApp1.views | post                 | Line 400  | Upload request received
2025-06-23 09:24:22,888 | INFO     |            root | post                 | Line 570  | Input tokens: 1821, Output tokens: 419
2025-06-23 09:24:26,672 | INFO     | ImageApp1.views | post                 | Line 611  | Document processed and saved successfully. Document ID: gAAAAABoWR1KrESHakhw-e4B-fWOq_4WQHliMCMv5wkLQlDT6bzKwuTVlwsqfsOAv8AAQ2O1v6xcvU5PvjnSW2iE5mf6TsyrKw==
2025-06-23 09:24:26,823 | INFO     | ImageApp1.views | get                  | Line 215  | GetDocumentByIdView called with encrypted ID: gAAAAABoWR1KrESHakhw-e4B-fWOq_4WQHliMCMv5wkLQlDT6bzKwuTVlwsqfsOAv8AAQ2O1v6xcvU5PvjnSW2iE5mf6TsyrKw==
2025-06-23 09:24:26,824 | DEBUG    | ImageApp1.views | get                  | Line 219  | Decrypted ID: 148
2025-06-23 09:24:26,836 | INFO     | ImageApp1.views | get                  | Line 223  | Document 148 retrieved successfully
2025-06-23 09:24:59,616 | INFO     | authentication.views | post                 | Line 155  | Login attempt received.
2025-06-23 09:25:00,190 | INFO     | authentication.views | post                 | Line 172  | Login successful for user: NikhilVDX
2025-06-23 09:25:20,101 | INFO     | ImageApp1.views | post                 | Line 400  | Upload request received
2025-06-23 09:25:23,347 | INFO     |            root | post                 | Line 570  | Input tokens: 1305, Output tokens: 215
2025-06-23 09:25:28,146 | INFO     | ImageApp1.views | post                 | Line 611  | Document processed and saved successfully. Document ID: gAAAAABoWR2ItYT4Q9QcOv37rQuHi9Lh3n3LeuuX12fhiSdb7Ge3wW-dnrdugv0I3HDipW1jMK2yddRq95pvINfyrRTWWbEs0w==
2025-06-23 09:25:28,330 | INFO     | ImageApp1.views | get                  | Line 215  | GetDocumentByIdView called with encrypted ID: gAAAAABoWR2ItYT4Q9QcOv37rQuHi9Lh3n3LeuuX12fhiSdb7Ge3wW-dnrdugv0I3HDipW1jMK2yddRq95pvINfyrRTWWbEs0w==
2025-06-23 09:25:28,331 | DEBUG    | ImageApp1.views | get                  | Line 219  | Decrypted ID: 149
2025-06-23 09:25:28,344 | INFO     | ImageApp1.views | get                  | Line 223  | Document 149 retrieved successfully
2025-06-23 09:26:35,876 | INFO     | ImageApp1.views | post                 | Line 400  | Upload request received
2025-06-23 09:26:40,348 | INFO     |            root | post                 | Line 570  | Input tokens: 1821, Output tokens: 419
2025-06-23 09:26:44,040 | INFO     | ImageApp1.views | post                 | Line 611  | Document processed and saved successfully. Document ID: gAAAAABoWR3UnTVx6gEQaNCeQIc_bO8zANe9_eKJF-MrGBlhGdR1zH1z0q-8L6uF32n0z1K-GnuwMP7MrlG_jILUIRlPb6nKhg==
2025-06-23 09:26:44,199 | INFO     | ImageApp1.views | get                  | Line 215  | GetDocumentByIdView called with encrypted ID: gAAAAABoWR3UnTVx6gEQaNCeQIc_bO8zANe9_eKJF-MrGBlhGdR1zH1z0q-8L6uF32n0z1K-GnuwMP7MrlG_jILUIRlPb6nKhg==
2025-06-23 09:26:44,200 | DEBUG    | ImageApp1.views | get                  | Line 219  | Decrypted ID: 150
2025-06-23 09:26:44,215 | INFO     | ImageApp1.views | get                  | Line 223  | Document 150 retrieved successfully
2025-06-23 09:27:15,183 | INFO     | ImageApp1.views | post                 | Line 400  | Upload request received
2025-06-23 09:27:20,639 | INFO     |            root | post                 | Line 570  | Input tokens: 1305, Output tokens: 649
2025-06-23 09:27:26,619 | INFO     | ImageApp1.views | post                 | Line 611  | Document processed and saved successfully. Document ID: gAAAAABoWR3-m3LM41k-alFQq2Qol3SebgIujXl1qoJWxH2wNIHfa9SjrejsJsnwAVfC3cwfBxGInjJOsGIGCMEFV3hR_gii1A==
2025-06-23 09:27:26,775 | INFO     | ImageApp1.views | get                  | Line 215  | GetDocumentByIdView called with encrypted ID: gAAAAABoWR3-m3LM41k-alFQq2Qol3SebgIujXl1qoJWxH2wNIHfa9SjrejsJsnwAVfC3cwfBxGInjJOsGIGCMEFV3hR_gii1A==
2025-06-23 09:27:26,776 | DEBUG    | ImageApp1.views | get                  | Line 219  | Decrypted ID: 151
2025-06-23 09:27:26,789 | INFO     | ImageApp1.views | get                  | Line 223  | Document 151 retrieved successfully
2025-06-23 09:28:50,512 | INFO     | authentication.views | post                 | Line 155  | Login attempt received.
2025-06-23 09:28:51,066 | INFO     | authentication.views | post                 | Line 172  | Login successful for user: NikhilVDX
2025-06-23 09:29:30,702 | INFO     | ImageApp1.views | post                 | Line 400  | Upload request received
2025-06-23 09:29:34,542 | INFO     |            root | post                 | Line 570  | Input tokens: 1305, Output tokens: 274
2025-06-23 09:29:38,933 | INFO     | ImageApp1.views | post                 | Line 611  | Document processed and saved successfully. Document ID: gAAAAABoWR6C4kMYfh-NNRYfaT0GMXoYk4r0hqGA2bjuDyv26o9hU7PiwKbW3kF4BU5WXpS-iE8ZNpP3UyelbD96vLvN6QGcOw==
2025-06-23 09:29:39,081 | INFO     | ImageApp1.views | get                  | Line 215  | GetDocumentByIdView called with encrypted ID: gAAAAABoWR6C4kMYfh-NNRYfaT0GMXoYk4r0hqGA2bjuDyv26o9hU7PiwKbW3kF4BU5WXpS-iE8ZNpP3UyelbD96vLvN6QGcOw==
2025-06-23 09:29:39,083 | DEBUG    | ImageApp1.views | get                  | Line 219  | Decrypted ID: 152
2025-06-23 09:29:39,098 | INFO     | ImageApp1.views | get                  | Line 223  | Document 152 retrieved successfully
2025-06-23 09:35:42,408 | INFO     | django.utils.autoreload | trigger_reload       | Line 265  | D:\IDP_AI_App\Backend\Django Projects (2)\Django Projects\ImageExtraction\ImageApp1\views.py changed, reloading.
2025-06-23 09:35:46,158 | INFO     | django.utils.autoreload | run_with_reloader    | Line 667  | Watching for file changes with StatReloader
2025-06-23 09:38:14,872 | INFO     | django.utils.autoreload | trigger_reload       | Line 265  | D:\IDP_AI_App\Backend\Django Projects (2)\Django Projects\ImageExtraction\ImageApp1\views.py changed, reloading.
2025-06-23 09:38:16,607 | INFO     | django.utils.autoreload | run_with_reloader    | Line 667  | Watching for file changes with StatReloader
2025-06-23 09:38:53,062 | INFO     | django.utils.autoreload | trigger_reload       | Line 265  | D:\IDP_AI_App\Backend\Django Projects (2)\Django Projects\ImageExtraction\ImageApp1\views.py changed, reloading.
2025-06-23 09:38:54,941 | INFO     | django.utils.autoreload | run_with_reloader    | Line 667  | Watching for file changes with StatReloader
2025-06-23 09:40:10,972 | INFO     | django.utils.autoreload | trigger_reload       | Line 265  | D:\IDP_AI_App\Backend\Django Projects (2)\Django Projects\ImageExtraction\ImageApp1\views.py changed, reloading.
2025-06-23 09:40:12,761 | INFO     | django.utils.autoreload | run_with_reloader    | Line 667  | Watching for file changes with StatReloader
2025-06-23 09:41:44,382 | INFO     | django.utils.autoreload | trigger_reload       | Line 265  | D:\IDP_AI_App\Backend\Django Projects (2)\Django Projects\ImageExtraction\ImageApp1\views.py changed, reloading.
2025-06-23 09:41:46,173 | INFO     | django.utils.autoreload | run_with_reloader    | Line 667  | Watching for file changes with StatReloader
2025-06-23 09:42:00,656 | INFO     | authentication.views | post                 | Line 155  | Login attempt received.
2025-06-23 09:42:01,274 | INFO     | authentication.views | post                 | Line 172  | Login successful for user: NikhilVDX
2025-06-23 09:42:19,567 | INFO     | ImageApp1.views | post                 | Line 403  | Upload request received
2025-06-23 09:42:32,301 | INFO     | ImageApp1.views | post                 | Line 614  | Document processed and saved successfully. Document ID: gAAAAABoWSGISseS0WeuH_AeebJDwRfCqeufypk6p0hA9r51FFmUyRGm9UzzSCnWXFatalUrmQkGY7IEPa5XaV2MKvf2Rv5YXw==
2025-06-23 09:42:32,444 | INFO     | ImageApp1.views | get                  | Line 218  | GetDocumentByIdView called with encrypted ID: gAAAAABoWSGISseS0WeuH_AeebJDwRfCqeufypk6p0hA9r51FFmUyRGm9UzzSCnWXFatalUrmQkGY7IEPa5XaV2MKvf2Rv5YXw==
2025-06-23 09:42:32,446 | DEBUG    | ImageApp1.views | get                  | Line 222  | Decrypted ID: 153
2025-06-23 09:42:32,458 | INFO     | ImageApp1.views | get                  | Line 226  | Document 153 retrieved successfully
2025-06-23 09:42:52,965 | INFO     | ImageApp1.views | post                 | Line 403  | Upload request received
2025-06-23 09:43:06,689 | INFO     |            root | post                 | Line 573  | Input tokens: 1305, Output tokens: 277
2025-06-23 09:43:10,436 | INFO     | ImageApp1.views | post                 | Line 614  | Document processed and saved successfully. Document ID: gAAAAABoWSGuoK6PBYJjieWb8MUPyxJJ-DV7JQ0nAEYYwDNcpPAOHCwsAUc0fOdYWX7E8l_Wpc3r1dfM7jMr1KhaFLox4cf19A==
2025-06-23 09:43:10,590 | INFO     | ImageApp1.views | get                  | Line 218  | GetDocumentByIdView called with encrypted ID: gAAAAABoWSGuoK6PBYJjieWb8MUPyxJJ-DV7JQ0nAEYYwDNcpPAOHCwsAUc0fOdYWX7E8l_Wpc3r1dfM7jMr1KhaFLox4cf19A==
2025-06-23 09:43:10,591 | DEBUG    | ImageApp1.views | get                  | Line 222  | Decrypted ID: 154
2025-06-23 09:43:10,604 | INFO     | ImageApp1.views | get                  | Line 226  | Document 154 retrieved successfully
2025-06-23 09:43:41,653 | INFO     | ImageApp1.views | post                 | Line 403  | Upload request received
2025-06-23 09:43:46,100 | INFO     |            root | post                 | Line 573  | Input tokens: 1821, Output tokens: 421
2025-06-23 09:43:49,801 | INFO     | ImageApp1.views | post                 | Line 614  | Document processed and saved successfully. Document ID: gAAAAABoWSHVBsTDPpR3YsVrkL30dDltFBASC5wEo9t9yRb2AGlyp8072I73rAQ-1wzJ4NZ4wDJKu61AR1wbF94sCrYovcfK3A==
2025-06-23 09:43:49,943 | INFO     | ImageApp1.views | get                  | Line 218  | GetDocumentByIdView called with encrypted ID: gAAAAABoWSHVBsTDPpR3YsVrkL30dDltFBASC5wEo9t9yRb2AGlyp8072I73rAQ-1wzJ4NZ4wDJKu61AR1wbF94sCrYovcfK3A==
2025-06-23 09:43:49,944 | DEBUG    | ImageApp1.views | get                  | Line 222  | Decrypted ID: 155
2025-06-23 09:43:49,956 | INFO     | ImageApp1.views | get                  | Line 226  | Document 155 retrieved successfully
2025-06-23 09:44:16,714 | INFO     | ImageApp1.views | post                 | Line 403  | Upload request received
2025-06-23 09:44:20,385 | INFO     |            root | post                 | Line 573  | Input tokens: 1305, Output tokens: 277
2025-06-23 09:44:24,370 | INFO     | ImageApp1.views | post                 | Line 614  | Document processed and saved successfully. Document ID: gAAAAABoWSH4M2Ao4IGQkNj2tBMpFnkfp3zR2m1WwdmvY8gtcb8H0rc4R5QgvhZP1da52y71dNKgcuvCoGGgm5OovN_nJk-TxA==
2025-06-23 09:44:24,513 | INFO     | ImageApp1.views | get                  | Line 218  | GetDocumentByIdView called with encrypted ID: gAAAAABoWSH4M2Ao4IGQkNj2tBMpFnkfp3zR2m1WwdmvY8gtcb8H0rc4R5QgvhZP1da52y71dNKgcuvCoGGgm5OovN_nJk-TxA==
2025-06-23 09:44:24,514 | DEBUG    | ImageApp1.views | get                  | Line 222  | Decrypted ID: 156
2025-06-23 09:44:24,527 | INFO     | ImageApp1.views | get                  | Line 226  | Document 156 retrieved successfully
2025-06-23 09:44:49,051 | INFO     | ImageApp1.views | post                 | Line 403  | Upload request received
2025-06-23 09:44:53,338 | INFO     |            root | post                 | Line 573  | Input tokens: 1821, Output tokens: 419
2025-06-23 09:44:57,940 | INFO     | ImageApp1.views | post                 | Line 614  | Document processed and saved successfully. Document ID: gAAAAABoWSIZjY-vneBEiYdgmS4MzCooiUoDniD_BfgvXsgCSDedmGfEoEzHneSH8E7CSKORPpxa3IzOk_jVYpFBb98TGJ5OpA==
2025-06-23 09:44:58,084 | INFO     | ImageApp1.views | get                  | Line 218  | GetDocumentByIdView called with encrypted ID: gAAAAABoWSIZjY-vneBEiYdgmS4MzCooiUoDniD_BfgvXsgCSDedmGfEoEzHneSH8E7CSKORPpxa3IzOk_jVYpFBb98TGJ5OpA==
2025-06-23 09:44:58,085 | DEBUG    | ImageApp1.views | get                  | Line 222  | Decrypted ID: 157
2025-06-23 09:44:58,101 | INFO     | ImageApp1.views | get                  | Line 226  | Document 157 retrieved successfully
2025-06-23 09:45:29,805 | INFO     | django.utils.autoreload | trigger_reload       | Line 265  | D:\IDP_AI_App\Backend\Django Projects (2)\Django Projects\ImageExtraction\ImageApp1\views.py changed, reloading.
2025-06-23 09:45:33,560 | INFO     | django.utils.autoreload | run_with_reloader    | Line 667  | Watching for file changes with StatReloader
2025-06-23 09:45:47,723 | INFO     | ImageApp1.views | post                 | Line 402  | Upload request received
2025-06-23 09:45:52,797 | INFO     |            root | post                 | Line 572  | Input tokens: 1305, Output tokens: 649
2025-06-23 09:45:59,806 | INFO     | ImageApp1.views | post                 | Line 613  | Document processed and saved successfully. Document ID: gAAAAABoWSJXeCpqpU90NrAjS5ZfzNJD6eQTMhN7sDDwFHxlNO7v7vCir4hSlFIYqJKpHVsOotqGDRoluBrELasvOMs9w7yYSA==
2025-06-23 09:45:59,972 | INFO     | ImageApp1.views | get                  | Line 217  | GetDocumentByIdView called with encrypted ID: gAAAAABoWSJXeCpqpU90NrAjS5ZfzNJD6eQTMhN7sDDwFHxlNO7v7vCir4hSlFIYqJKpHVsOotqGDRoluBrELasvOMs9w7yYSA==
2025-06-23 09:45:59,973 | DEBUG    | ImageApp1.views | get                  | Line 221  | Decrypted ID: 158
2025-06-23 09:45:59,987 | INFO     | ImageApp1.views | get                  | Line 225  | Document 158 retrieved successfully
2025-06-23 09:46:26,588 | INFO     | ImageApp1.views | post                 | Line 402  | Upload request received
2025-06-23 09:46:31,019 | INFO     |            root | post                 | Line 572  | Input tokens: 1821, Output tokens: 419
2025-06-23 09:46:34,481 | INFO     | ImageApp1.views | post                 | Line 613  | Document processed and saved successfully. Document ID: gAAAAABoWSJ62J9jbHlzNJX5QxSEEMAcE5o6S2o1yIy0U_ji3zdEQRcOpcnE0kPWh_81botbN36D4FfKXxBbR3TeNfDADo9hoA==
2025-06-23 09:46:34,626 | INFO     | ImageApp1.views | get                  | Line 217  | GetDocumentByIdView called with encrypted ID: gAAAAABoWSJ62J9jbHlzNJX5QxSEEMAcE5o6S2o1yIy0U_ji3zdEQRcOpcnE0kPWh_81botbN36D4FfKXxBbR3TeNfDADo9hoA==
2025-06-23 09:46:34,627 | DEBUG    | ImageApp1.views | get                  | Line 221  | Decrypted ID: 159
2025-06-23 09:46:34,640 | INFO     | ImageApp1.views | get                  | Line 225  | Document 159 retrieved successfully
2025-06-23 09:46:58,401 | INFO     | ImageApp1.views | post                 | Line 402  | Upload request received
2025-06-23 09:47:01,234 | INFO     |            root | post                 | Line 572  | Input tokens: 1305, Output tokens: 120
2025-06-23 09:47:05,431 | INFO     | ImageApp1.views | post                 | Line 613  | Document processed and saved successfully. Document ID: gAAAAABoWSKZ4Tji-FBrmvNH2s_eXFkVCyn6j7NsWOdENW8P4vj9HA2HP8SeymEcSwM5y2sJ8OA5woOiA2tiN6mM8w_VC3KJPw==
2025-06-23 09:47:05,583 | INFO     | ImageApp1.views | get                  | Line 217  | GetDocumentByIdView called with encrypted ID: gAAAAABoWSKZ4Tji-FBrmvNH2s_eXFkVCyn6j7NsWOdENW8P4vj9HA2HP8SeymEcSwM5y2sJ8OA5woOiA2tiN6mM8w_VC3KJPw==
2025-06-23 09:47:05,584 | DEBUG    | ImageApp1.views | get                  | Line 221  | Decrypted ID: 160
2025-06-23 09:47:05,596 | INFO     | ImageApp1.views | get                  | Line 225  | Document 160 retrieved successfully
2025-06-23 09:48:18,705 | INFO     | ImageApp1.views | post                 | Line 402  | Upload request received
2025-06-23 09:48:22,465 | INFO     |            root | post                 | Line 572  | Input tokens: 1047, Output tokens: 141
2025-06-23 09:48:26,271 | INFO     | ImageApp1.views | post                 | Line 613  | Document processed and saved successfully. Document ID: gAAAAABoWSLqNqCctnAA-u0wFTVB-GRHqZrNEDUwFRR0xooTNt07-yUKBikGGNeaKL-wQWcCdm1j6cX-NOn5pvYVzxIBugUvJw==
2025-06-23 09:48:26,429 | INFO     | ImageApp1.views | get                  | Line 217  | GetDocumentByIdView called with encrypted ID: gAAAAABoWSLqNqCctnAA-u0wFTVB-GRHqZrNEDUwFRR0xooTNt07-yUKBikGGNeaKL-wQWcCdm1j6cX-NOn5pvYVzxIBugUvJw==
2025-06-23 09:48:26,430 | DEBUG    | ImageApp1.views | get                  | Line 221  | Decrypted ID: 161
2025-06-23 09:48:26,443 | INFO     | ImageApp1.views | get                  | Line 225  | Document 161 retrieved successfully
2025-06-23 09:49:24,811 | INFO     | ImageApp1.views | post                 | Line 402  | Upload request received
2025-06-23 09:49:47,521 | INFO     | ImageApp1.views | post                 | Line 613  | Document processed and saved successfully. Document ID: gAAAAABoWSM74KjVi6w39CdUxXyFftmfjbUW3W04CEgohs7oovuB7FZ-5N0WUUTSfjiehMmqlDU0q8Dz9m9ipmGSPZpuJ3njiw==
2025-06-23 09:49:47,677 | INFO     | ImageApp1.views | get                  | Line 217  | GetDocumentByIdView called with encrypted ID: gAAAAABoWSM74KjVi6w39CdUxXyFftmfjbUW3W04CEgohs7oovuB7FZ-5N0WUUTSfjiehMmqlDU0q8Dz9m9ipmGSPZpuJ3njiw==
2025-06-23 09:49:47,678 | DEBUG    | ImageApp1.views | get                  | Line 221  | Decrypted ID: 162
2025-06-23 09:49:47,691 | INFO     | ImageApp1.views | get                  | Line 225  | Document 162 retrieved successfully
2025-06-23 09:50:28,755 | INFO     | django.utils.autoreload | trigger_reload       | Line 265  | D:\IDP_AI_App\Backend\Django Projects (2)\Django Projects\ImageExtraction\ImageApp1\views.py changed, reloading.
2025-06-23 09:50:32,559 | INFO     | django.utils.autoreload | run_with_reloader    | Line 667  | Watching for file changes with StatReloader
2025-06-23 09:50:52,819 | INFO     | ImageApp1.views | post                 | Line 401  | Upload request received
2025-06-23 09:50:58,213 | INFO     |            root | post                 | Line 571  | Input tokens: 1305, Output tokens: 649
2025-06-23 09:51:03,928 | INFO     | ImageApp1.views | post                 | Line 612  | Document processed and saved successfully. Document ID: gAAAAABoWSOHiDO5ZqxrIoBe8euDkUroSDraEwNR7pZEf6lkqPerU4oTdT5wA--QxE1VcDRwWPMZz05iuVgrUn-JSqMyxxISVQ==
2025-06-23 09:51:04,091 | INFO     | ImageApp1.views | get                  | Line 216  | GetDocumentByIdView called with encrypted ID: gAAAAABoWSOHiDO5ZqxrIoBe8euDkUroSDraEwNR7pZEf6lkqPerU4oTdT5wA--QxE1VcDRwWPMZz05iuVgrUn-JSqMyxxISVQ==
2025-06-23 09:51:04,092 | DEBUG    | ImageApp1.views | get                  | Line 220  | Decrypted ID: 163
2025-06-23 09:51:04,104 | INFO     | ImageApp1.views | get                  | Line 224  | Document 163 retrieved successfully
2025-06-23 09:54:26,235 | INFO     | django.utils.autoreload | trigger_reload       | Line 265  | D:\IDP_AI_App\Backend\Django Projects (2)\Django Projects\ImageExtraction\ImageApp1\views.py changed, reloading.
2025-06-23 09:54:29,843 | INFO     | django.utils.autoreload | run_with_reloader    | Line 667  | Watching for file changes with StatReloader
2025-06-23 09:55:05,251 | INFO     | django.utils.autoreload | trigger_reload       | Line 265  | D:\IDP_AI_App\Backend\Django Projects (2)\Django Projects\ImageExtraction\ImageApp1\views.py changed, reloading.
2025-06-23 09:55:07,051 | INFO     | django.utils.autoreload | run_with_reloader    | Line 667  | Watching for file changes with StatReloader
2025-06-23 09:55:19,861 | INFO     | authentication.views | post                 | Line 155  | Login attempt received.
2025-06-23 09:55:20,424 | INFO     | authentication.views | post                 | Line 172  | Login successful for user: NikhilVDX
2025-06-23 09:55:29,684 | INFO     | ImageApp1.views | post                 | Line 289  | Upload request received
2025-06-23 09:55:33,310 | INFO     |            root | post                 | Line 454  | Input tokens: 1305, Output tokens: 274
2025-06-23 09:55:36,656 | INFO     | ImageApp1.views | post                 | Line 495  | Document processed and saved successfully. Document ID: gAAAAABoWSSYdNzMhFRU-aR66R32OSCkAxoncXferjP9Zts3pBy1J6iDDNuAtFEAfvv3zRF1dRyCGpHR_YO58OkVVcbs01v5Tg==
2025-06-23 09:55:36,795 | INFO     | ImageApp1.views | get                  | Line 104  | GetDocumentByIdView called with encrypted ID: gAAAAABoWSSYdNzMhFRU-aR66R32OSCkAxoncXferjP9Zts3pBy1J6iDDNuAtFEAfvv3zRF1dRyCGpHR_YO58OkVVcbs01v5Tg==
2025-06-23 09:55:36,796 | DEBUG    | ImageApp1.views | get                  | Line 108  | Decrypted ID: 164
2025-06-23 09:55:36,808 | INFO     | ImageApp1.views | get                  | Line 112  | Document 164 retrieved successfully
2025-06-23 09:55:56,729 | INFO     | ImageApp1.views | post                 | Line 289  | Upload request received
2025-06-23 09:56:00,942 | INFO     |            root | post                 | Line 454  | Input tokens: 1821, Output tokens: 419
2025-06-23 09:56:04,613 | INFO     | ImageApp1.views | post                 | Line 495  | Document processed and saved successfully. Document ID: gAAAAABoWSS0y5WKUj4as7koZU_zYeHfTceoTtGxzkf5wg21G-ccu7tlUDwf1XrkurW87HiRow6BlM83lVEUZXFzvcQ2_dmc-g==
2025-06-23 09:56:04,779 | INFO     | ImageApp1.views | get                  | Line 104  | GetDocumentByIdView called with encrypted ID: gAAAAABoWSS0y5WKUj4as7koZU_zYeHfTceoTtGxzkf5wg21G-ccu7tlUDwf1XrkurW87HiRow6BlM83lVEUZXFzvcQ2_dmc-g==
2025-06-23 09:56:04,780 | DEBUG    | ImageApp1.views | get                  | Line 108  | Decrypted ID: 165
2025-06-23 09:56:04,794 | INFO     | ImageApp1.views | get                  | Line 112  | Document 165 retrieved successfully
2025-06-23 09:56:26,389 | INFO     | ImageApp1.views | post                 | Line 289  | Upload request received
2025-06-23 09:56:30,118 | INFO     |            root | post                 | Line 454  | Input tokens: 1305, Output tokens: 277
2025-06-23 09:56:33,991 | INFO     | ImageApp1.views | post                 | Line 495  | Document processed and saved successfully. Document ID: gAAAAABoWSTRy1roZyulgzJ3rH0hQm0n2ZeiwVaOYKGoLNcMibo36lAoM9mbZ8UrqiRpME_uouOyaQ9N5RvhK78pNe1UtCzfpA==
2025-06-23 09:56:34,137 | INFO     | ImageApp1.views | get                  | Line 104  | GetDocumentByIdView called with encrypted ID: gAAAAABoWSTRy1roZyulgzJ3rH0hQm0n2ZeiwVaOYKGoLNcMibo36lAoM9mbZ8UrqiRpME_uouOyaQ9N5RvhK78pNe1UtCzfpA==
2025-06-23 09:56:34,138 | DEBUG    | ImageApp1.views | get                  | Line 108  | Decrypted ID: 166
2025-06-23 09:56:34,152 | INFO     | ImageApp1.views | get                  | Line 112  | Document 166 retrieved successfully
2025-06-23 09:56:44,964 | INFO     | authentication.views | post                 | Line 155  | Login attempt received.
2025-06-23 09:56:45,530 | INFO     | authentication.views | post                 | Line 172  | Login successful for user: NikhilVDX
2025-06-23 09:56:59,543 | INFO     | ImageApp1.views | post                 | Line 289  | Upload request received
2025-06-23 09:57:04,768 | INFO     |            root | post                 | Line 454  | Input tokens: 1305, Output tokens: 655
2025-06-23 09:57:12,131 | INFO     | ImageApp1.views | post                 | Line 495  | Document processed and saved successfully. Document ID: gAAAAABoWST4k2hzt3acD7e60d36o8E4fqBR-ocuGhi35fq-d5bJtqWllffrUAppGppCk1E2VcDOVfO2xOHliJQjhb_HbLBggg==
2025-06-23 09:57:12,287 | INFO     | ImageApp1.views | get                  | Line 104  | GetDocumentByIdView called with encrypted ID: gAAAAABoWST4k2hzt3acD7e60d36o8E4fqBR-ocuGhi35fq-d5bJtqWllffrUAppGppCk1E2VcDOVfO2xOHliJQjhb_HbLBggg==
2025-06-23 09:57:12,288 | DEBUG    | ImageApp1.views | get                  | Line 108  | Decrypted ID: 167
2025-06-23 09:57:12,301 | INFO     | ImageApp1.views | get                  | Line 112  | Document 167 retrieved successfully
2025-06-23 09:58:23,929 | INFO     | ImageApp1.views | post                 | Line 289  | Upload request received
2025-06-23 09:58:28,021 | INFO     |            root | post                 | Line 454  | Input tokens: 1821, Output tokens: 351
2025-06-23 09:58:32,400 | INFO     | ImageApp1.views | post                 | Line 495  | Document processed and saved successfully. Document ID: gAAAAABoWSVIUaT3PfMqg024s-uf_eh5JivTj6AWyiJf0nNJ4ESlsIB6GW9CTF45zGPCsTNsnnuZXZFAIQD7ngUWfTgqUIinPQ==
2025-06-23 09:58:32,539 | INFO     | ImageApp1.views | get                  | Line 104  | GetDocumentByIdView called with encrypted ID: gAAAAABoWSVIUaT3PfMqg024s-uf_eh5JivTj6AWyiJf0nNJ4ESlsIB6GW9CTF45zGPCsTNsnnuZXZFAIQD7ngUWfTgqUIinPQ==
2025-06-23 09:58:32,540 | DEBUG    | ImageApp1.views | get                  | Line 108  | Decrypted ID: 168
2025-06-23 09:58:32,552 | INFO     | ImageApp1.views | get                  | Line 112  | Document 168 retrieved successfully
2025-06-23 09:58:46,853 | INFO     | authentication.views | post                 | Line 155  | Login attempt received.
2025-06-23 09:58:47,442 | INFO     | authentication.views | post                 | Line 172  | Login successful for user: NikhilVDX
2025-06-23 09:58:55,130 | INFO     | ImageApp1.views | post                 | Line 289  | Upload request received
2025-06-23 09:59:08,082 | INFO     | ImageApp1.views | post                 | Line 495  | Document processed and saved successfully. Document ID: gAAAAABoWSVsw75WNpV1qzzt2qZDGxDhEdf2xG8zxgbgWRvRfCrvawrRNMGT_4FTKHSuKjYnbks22abGYKcp_Xpj0-nA4Spqjw==
2025-06-23 09:59:08,224 | INFO     | ImageApp1.views | get                  | Line 104  | GetDocumentByIdView called with encrypted ID: gAAAAABoWSVsw75WNpV1qzzt2qZDGxDhEdf2xG8zxgbgWRvRfCrvawrRNMGT_4FTKHSuKjYnbks22abGYKcp_Xpj0-nA4Spqjw==
2025-06-23 09:59:08,225 | DEBUG    | ImageApp1.views | get                  | Line 108  | Decrypted ID: 169
2025-06-23 09:59:08,238 | INFO     | ImageApp1.views | get                  | Line 112  | Document 169 retrieved successfully
2025-06-23 09:59:49,842 | INFO     | ImageApp1.views | post                 | Line 289  | Upload request received
2025-06-23 09:59:55,782 | INFO     |            root | post                 | Line 454  | Input tokens: 1305, Output tokens: 727
2025-06-23 10:00:01,253 | INFO     | ImageApp1.views | post                 | Line 495  | Document processed and saved successfully. Document ID: gAAAAABoWSWhP7_BmRSZJC2xjAchrVhKC47zTGMHzty0fQ-UWqty3V13DW_RcuYbdygHlfz8__7UyXsAaQQnwnL5uJa9nzz-cg==
2025-06-23 10:00:01,415 | INFO     | ImageApp1.views | get                  | Line 104  | GetDocumentByIdView called with encrypted ID: gAAAAABoWSWhP7_BmRSZJC2xjAchrVhKC47zTGMHzty0fQ-UWqty3V13DW_RcuYbdygHlfz8__7UyXsAaQQnwnL5uJa9nzz-cg==
2025-06-23 10:00:01,416 | DEBUG    | ImageApp1.views | get                  | Line 108  | Decrypted ID: 170
2025-06-23 10:00:01,429 | INFO     | ImageApp1.views | get                  | Line 112  | Document 170 retrieved successfully
2025-06-23 10:00:49,258 | INFO     | django.utils.autoreload | trigger_reload       | Line 265  | D:\IDP_AI_App\Backend\Django Projects (2)\Django Projects\ImageExtraction\ImageApp1\views.py changed, reloading.
2025-06-23 10:00:52,966 | INFO     | django.utils.autoreload | run_with_reloader    | Line 667  | Watching for file changes with StatReloader
2025-06-23 10:07:37,663 | INFO     | ImageApp1.views | post                 | Line 289  | Upload request received
2025-06-23 10:08:39,422 | INFO     | django.utils.autoreload | run_with_reloader    | Line 667  | Watching for file changes with StatReloader
2025-06-23 10:08:54,630 | INFO     | authentication.views | post                 | Line 155  | Login attempt received.
2025-06-23 10:08:55,193 | INFO     | authentication.views | post                 | Line 172  | Login successful for user: NikhilVDX
2025-06-23 10:09:08,977 | INFO     | ImageApp1.views | post                 | Line 289  | Upload request received
2025-06-23 10:09:24,393 | INFO     | ImageApp1.views | post                 | Line 495  | Document processed and saved successfully. Document ID: gAAAAABoWSfUAv-GL_gQxAhNhcbLwJsUuHu2clCVkif22khGWogOcRqYQK__VukETGKiVgmvRW2qP61AyM0ZrYEsQazS_FBmpg==
2025-06-23 10:09:24,542 | INFO     | ImageApp1.views | get                  | Line 104  | GetDocumentByIdView called with encrypted ID: gAAAAABoWSfUAv-GL_gQxAhNhcbLwJsUuHu2clCVkif22khGWogOcRqYQK__VukETGKiVgmvRW2qP61AyM0ZrYEsQazS_FBmpg==
2025-06-23 10:09:24,543 | DEBUG    | ImageApp1.views | get                  | Line 108  | Decrypted ID: 171
2025-06-23 10:09:24,558 | INFO     | ImageApp1.views | get                  | Line 112  | Document 171 retrieved successfully
2025-06-23 10:09:45,349 | INFO     | ImageApp1.views | post                 | Line 289  | Upload request received
2025-06-23 10:09:50,511 | INFO     |            root | post                 | Line 454  | Input tokens: 1305, Output tokens: 657
2025-06-23 10:09:56,818 | INFO     | ImageApp1.views | post                 | Line 495  | Document processed and saved successfully. Document ID: gAAAAABoWSf0kQY9lOoM4inB769b3qInT5YRpozPi1yjt3dKOiML_GzqvGMaZThZwTLSMFl4Jk9O305V4mVRsFoank6QhaBQ-A==
2025-06-23 10:09:56,961 | INFO     | ImageApp1.views | get                  | Line 104  | GetDocumentByIdView called with encrypted ID: gAAAAABoWSf0kQY9lOoM4inB769b3qInT5YRpozPi1yjt3dKOiML_GzqvGMaZThZwTLSMFl4Jk9O305V4mVRsFoank6QhaBQ-A==
2025-06-23 10:09:56,962 | DEBUG    | ImageApp1.views | get                  | Line 108  | Decrypted ID: 172
2025-06-23 10:09:56,973 | INFO     | ImageApp1.views | get                  | Line 112  | Document 172 retrieved successfully
2025-06-23 10:16:22,634 | INFO     | django.utils.autoreload | trigger_reload       | Line 265  | D:\IDP_AI_App\Backend\Django Projects (2)\Django Projects\ImageExtraction\ImageApp1\views.py changed, reloading.
2025-06-23 10:16:26,455 | INFO     | django.utils.autoreload | run_with_reloader    | Line 667  | Watching for file changes with StatReloader
2025-06-23 10:31:35,760 | INFO     | django.utils.autoreload | trigger_reload       | Line 265  | D:\IDP_AI_App\Backend\Django Projects (2)\Django Projects\ImageExtraction\ImageApp1\views.py changed, reloading.
2025-06-23 10:31:37,470 | INFO     | django.utils.autoreload | run_with_reloader    | Line 667  | Watching for file changes with StatReloader
2025-06-23 10:33:03,831 | INFO     | django.utils.autoreload | trigger_reload       | Line 265  | D:\IDP_AI_App\Backend\Django Projects (2)\Django Projects\ImageExtraction\ImageApp1\views.py changed, reloading.
2025-06-23 10:33:05,734 | INFO     | django.utils.autoreload | run_with_reloader    | Line 667  | Watching for file changes with StatReloader
2025-06-23 10:33:26,895 | INFO     | django.utils.autoreload | trigger_reload       | Line 265  | D:\IDP_AI_App\Backend\Django Projects (2)\Django Projects\ImageExtraction\ImageApp1\views.py changed, reloading.
2025-06-23 10:33:28,728 | INFO     | django.utils.autoreload | run_with_reloader    | Line 667  | Watching for file changes with StatReloader
2025-06-23 10:33:33,354 | INFO     | authentication.views | post                 | Line 155  | Login attempt received.
2025-06-23 10:33:33,919 | INFO     | authentication.views | post                 | Line 172  | Login successful for user: NikhilVDX
2025-06-23 10:33:58,923 | INFO     | ImageApp1.views | post                 | Line 292  | Upload request received
2025-06-23 10:35:49,890 | INFO     | authentication.views | post                 | Line 155  | Login attempt received.
2025-06-23 10:34:36,891 | INFO     | django.utils.autoreload | trigger_reload       | Line 265  | D:\IDP_AI_App\Backend\Django Projects (2)\Django Projects\ImageExtraction\ImageApp1\views.py changed, reloading.
2025-06-23 10:36:14,673 | INFO     | django.utils.autoreload | run_with_reloader    | Line 667  | Watching for file changes with StatReloader
2025-06-23 10:36:22,065 | INFO     | django.utils.autoreload | run_with_reloader    | Line 667  | Watching for file changes with StatReloader
2025-06-23 10:36:28,341 | INFO     | authentication.views | post                 | Line 155  | Login attempt received.
2025-06-23 10:36:28,915 | INFO     | authentication.views | post                 | Line 172  | Login successful for user: NikhilVDX
2025-06-23 10:36:39,586 | INFO     | ImageApp1.views | post                 | Line 292  | Upload request received
2025-06-23 10:36:39,924 | ERROR    | ImageApp1.views | post                 | Line 506  | 500
2025-06-23 10:36:39,925 | ERROR    | ImageApp1.views | post                 | Line 507  | Error while processing document.
2025-06-23 10:36:40,081 | ERROR    | ImageApp1.views | log_exception        | Line 71   | Exception occurred in D:\IDP_AI_App\Backend\Django Projects (2)\Django Projects\ImageExtraction\ImageApp1\views.py, line 437: response = model.generate_content([data_part, REIMBURSEMENT_EXTRACTION_PROMPT])
2025-06-23 10:36:40,082 | ERROR    | ImageApp1.views | log_exception        | Line 71   | Exception occurred in C:\Sujata\Python39\lib\site-packages\google\generativeai\generative_models.py, line 331: response = self._client.generate_content(
2025-06-23 10:36:40,085 | ERROR    | ImageApp1.views | log_exception        | Line 71   | Exception occurred in C:\Sujata\Python39\lib\site-packages\google\ai\generativelanguage_v1beta\services\generative_service\client.py, line 835: response = rpc(
2025-06-23 10:36:40,085 | ERROR    | ImageApp1.views | log_exception        | Line 71   | Exception occurred in C:\Sujata\Python39\lib\site-packages\google\api_core\gapic_v1\method.py, line 131: return wrapped_func(*args, **kwargs)
2025-06-23 10:36:40,085 | ERROR    | ImageApp1.views | log_exception        | Line 71   | Exception occurred in C:\Sujata\Python39\lib\site-packages\google\api_core\retry\retry_unary.py, line 294: return retry_target(
2025-06-23 10:36:40,086 | ERROR    | ImageApp1.views | log_exception        | Line 71   | Exception occurred in C:\Sujata\Python39\lib\site-packages\google\api_core\retry\retry_unary.py, line 156: next_sleep = _retry_error_helper(
2025-06-23 10:36:40,086 | ERROR    | ImageApp1.views | log_exception        | Line 71   | Exception occurred in C:\Sujata\Python39\lib\site-packages\google\api_core\retry\retry_base.py, line 214: raise final_exc from source_exc
2025-06-23 10:36:40,087 | ERROR    | ImageApp1.views | log_exception        | Line 71   | Exception occurred in C:\Sujata\Python39\lib\site-packages\google\api_core\retry\retry_unary.py, line 147: result = target()
2025-06-23 10:36:40,087 | ERROR    | ImageApp1.views | log_exception        | Line 71   | Exception occurred in C:\Sujata\Python39\lib\site-packages\google\api_core\timeout.py, line 130: return func(*args, **kwargs)
2025-06-23 10:36:40,088 | ERROR    | ImageApp1.views | log_exception        | Line 71   | Exception occurred in C:\Sujata\Python39\lib\site-packages\google\api_core\grpc_helpers.py, line 78: raise exceptions.from_grpc_error(exc) from exc
2025-06-23 10:36:40,089 | ERROR    |  django.request | log_response         | Line 241  | Internal Server Error: /IDA/upload/
2025-06-23 10:39:10,049 | INFO     | authentication.views | post                 | Line 155  | Login attempt received.
2025-06-23 10:40:10,015 | INFO     | authentication.views | post                 | Line 172  | Login successful for user: NikhilVDX
2025-06-23 10:40:28,841 | INFO     | django.utils.autoreload | run_with_reloader    | Line 667  | Watching for file changes with StatReloader
2025-06-23 10:40:40,422 | INFO     | authentication.views | post                 | Line 155  | Login attempt received.
2025-06-23 10:40:40,991 | INFO     | authentication.views | post                 | Line 172  | Login successful for user: NikhilVDX
2025-06-23 10:40:49,397 | INFO     | ImageApp1.views | post                 | Line 292  | Upload request received
2025-06-23 10:40:49,692 | ERROR    | ImageApp1.views | post                 | Line 506  | 500
2025-06-23 10:40:49,695 | ERROR    | ImageApp1.views | post                 | Line 507  | Error while processing document.
2025-06-23 10:40:49,707 | ERROR    | ImageApp1.views | log_exception        | Line 71   | Exception occurred in D:\IDP_AI_App\Backend\Django Projects (2)\Django Projects\ImageExtraction\ImageApp1\views.py, line 389: response = model.generate_content([data_part, prompt_text])
2025-06-23 10:40:49,707 | ERROR    | ImageApp1.views | log_exception        | Line 71   | Exception occurred in C:\Sujata\Python39\lib\site-packages\google\generativeai\generative_models.py, line 331: response = self._client.generate_content(
2025-06-23 10:40:49,708 | ERROR    | ImageApp1.views | log_exception        | Line 71   | Exception occurred in C:\Sujata\Python39\lib\site-packages\google\ai\generativelanguage_v1beta\services\generative_service\client.py, line 835: response = rpc(
2025-06-23 10:40:49,709 | ERROR    | ImageApp1.views | log_exception        | Line 71   | Exception occurred in C:\Sujata\Python39\lib\site-packages\google\api_core\gapic_v1\method.py, line 131: return wrapped_func(*args, **kwargs)
2025-06-23 10:40:49,709 | ERROR    | ImageApp1.views | log_exception        | Line 71   | Exception occurred in C:\Sujata\Python39\lib\site-packages\google\api_core\retry\retry_unary.py, line 294: return retry_target(
2025-06-23 10:40:49,710 | ERROR    | ImageApp1.views | log_exception        | Line 71   | Exception occurred in C:\Sujata\Python39\lib\site-packages\google\api_core\retry\retry_unary.py, line 156: next_sleep = _retry_error_helper(
2025-06-23 10:40:49,710 | ERROR    | ImageApp1.views | log_exception        | Line 71   | Exception occurred in C:\Sujata\Python39\lib\site-packages\google\api_core\retry\retry_base.py, line 214: raise final_exc from source_exc
2025-06-23 10:40:49,711 | ERROR    | ImageApp1.views | log_exception        | Line 71   | Exception occurred in C:\Sujata\Python39\lib\site-packages\google\api_core\retry\retry_unary.py, line 147: result = target()
2025-06-23 10:40:49,711 | ERROR    | ImageApp1.views | log_exception        | Line 71   | Exception occurred in C:\Sujata\Python39\lib\site-packages\google\api_core\timeout.py, line 130: return func(*args, **kwargs)
2025-06-23 10:40:49,712 | ERROR    | ImageApp1.views | log_exception        | Line 71   | Exception occurred in C:\Sujata\Python39\lib\site-packages\google\api_core\grpc_helpers.py, line 78: raise exceptions.from_grpc_error(exc) from exc
2025-06-23 10:40:49,713 | ERROR    |  django.request | log_response         | Line 241  | Internal Server Error: /IDA/upload/
2025-06-23 10:47:18,780 | INFO     | authentication.views | post                 | Line 155  | Login attempt received.
2025-06-23 10:47:03,845 | INFO     | django.utils.autoreload | trigger_reload       | Line 265  | D:\IDP_AI_App\Backend\Django Projects (2)\Django Projects\ImageExtraction\ImageApp1\views.py changed, reloading.
2025-06-23 10:47:28,399 | INFO     | django.utils.autoreload | run_with_reloader    | Line 667  | Watching for file changes with StatReloader
2025-06-23 10:47:38,187 | INFO     | authentication.views | post                 | Line 155  | Login attempt received.
2025-06-23 10:47:38,751 | INFO     | authentication.views | post                 | Line 172  | Login successful for user: NikhilVDX
2025-06-23 10:47:47,032 | INFO     | ImageApp1.views | post                 | Line 292  | Upload request received
2025-06-23 10:48:11,834 | INFO     | ImageApp1.views | post                 | Line 498  | Document processed and saved successfully. Document ID: gAAAAABoWTDrruCqMgLUqrhhSkN3PXACGAwyaR-k6QjIs41hFp_xqe85QKCOBZPfIaSda3fxeTFP578c0nkqIDSzW3sW54XjCg==
2025-06-23 10:48:11,970 | INFO     | ImageApp1.views | get                  | Line 95   | GetDocumentByIdView called with encrypted ID: gAAAAABoWTDrruCqMgLUqrhhSkN3PXACGAwyaR-k6QjIs41hFp_xqe85QKCOBZPfIaSda3fxeTFP578c0nkqIDSzW3sW54XjCg==
2025-06-23 10:48:11,971 | DEBUG    | ImageApp1.views | get                  | Line 99   | Decrypted ID: 173
2025-06-23 10:48:11,985 | INFO     | ImageApp1.views | get                  | Line 103  | Document 173 retrieved successfully
2025-06-23 10:48:26,558 | INFO     | ImageApp1.views | post                 | Line 292  | Upload request received
2025-06-23 10:48:30,100 | INFO     |            root | post                 | Line 457  | Input tokens: 1305, Output tokens: 277
2025-06-23 10:48:34,188 | INFO     | ImageApp1.views | post                 | Line 498  | Document processed and saved successfully. Document ID: gAAAAABoWTEC75eXBKdu4Vao1v1IiqlWONbzBU-UoVDx9m_Ctja0NLyoVdsLp2MU6y59VhA5MPpcfIkiXFOaSGoiHLLuzxYLwg==
2025-06-23 10:48:34,329 | INFO     | ImageApp1.views | get                  | Line 95   | GetDocumentByIdView called with encrypted ID: gAAAAABoWTEC75eXBKdu4Vao1v1IiqlWONbzBU-UoVDx9m_Ctja0NLyoVdsLp2MU6y59VhA5MPpcfIkiXFOaSGoiHLLuzxYLwg==
2025-06-23 10:48:34,330 | DEBUG    | ImageApp1.views | get                  | Line 99   | Decrypted ID: 174
2025-06-23 10:48:34,341 | INFO     | ImageApp1.views | get                  | Line 103  | Document 174 retrieved successfully
2025-06-23 10:48:50,272 | INFO     | ImageApp1.views | post                 | Line 292  | Upload request received
2025-06-23 10:48:53,854 | INFO     |            root | post                 | Line 457  | Input tokens: 1305, Output tokens: 277
2025-06-23 10:48:57,772 | INFO     | ImageApp1.views | post                 | Line 498  | Document processed and saved successfully. Document ID: gAAAAABoWTEZ5d380bTtMY0bLLcCQZ45hz-6LxT7Mb8wl5Ci6R006JkBAbnpEsDErk0IY8vCGIsUVGhiFfHg4-yP_JkfCCbRPQ==
2025-06-23 10:48:57,926 | INFO     | ImageApp1.views | get                  | Line 95   | GetDocumentByIdView called with encrypted ID: gAAAAABoWTEZ5d380bTtMY0bLLcCQZ45hz-6LxT7Mb8wl5Ci6R006JkBAbnpEsDErk0IY8vCGIsUVGhiFfHg4-yP_JkfCCbRPQ==
2025-06-23 10:48:57,927 | DEBUG    | ImageApp1.views | get                  | Line 99   | Decrypted ID: 175
2025-06-23 10:48:57,941 | INFO     | ImageApp1.views | get                  | Line 103  | Document 175 retrieved successfully
2025-06-23 10:49:08,320 | INFO     | authentication.views | post                 | Line 155  | Login attempt received.
2025-06-23 10:49:08,879 | INFO     | authentication.views | post                 | Line 172  | Login successful for user: NikhilVDX
2025-06-23 10:49:21,359 | INFO     | ImageApp1.views | post                 | Line 292  | Upload request received
2025-06-23 10:49:26,472 | INFO     |            root | post                 | Line 457  | Input tokens: 1305, Output tokens: 657
2025-06-23 10:49:31,557 | INFO     | ImageApp1.views | post                 | Line 498  | Document processed and saved successfully. Document ID: gAAAAABoWTE7iCDc-5AD8hS9w8-7yfWvmSzJDpEfdM-JFMHBr03fIAKjrIboJbwtKSmGz_qbFbQHtbyjjTp0ms2n_yyg7mfCkw==
2025-06-23 10:49:31,706 | INFO     | ImageApp1.views | get                  | Line 95   | GetDocumentByIdView called with encrypted ID: gAAAAABoWTE7iCDc-5AD8hS9w8-7yfWvmSzJDpEfdM-JFMHBr03fIAKjrIboJbwtKSmGz_qbFbQHtbyjjTp0ms2n_yyg7mfCkw==
2025-06-23 10:49:31,707 | DEBUG    | ImageApp1.views | get                  | Line 99   | Decrypted ID: 176
2025-06-23 10:49:31,719 | INFO     | ImageApp1.views | get                  | Line 103  | Document 176 retrieved successfully
2025-06-23 11:33:44,176 | INFO     | django.utils.autoreload | trigger_reload       | Line 265  | D:\IDP_AI_App\Backend\Django Projects (2)\Django Projects\ImageExtraction\ImageExtraction\settings.py changed, reloading.
2025-06-23 11:33:48,182 | INFO     | django.utils.autoreload | run_with_reloader    | Line 667  | Watching for file changes with StatReloader
