2025-06-21 01:40:38,151 | INFO     | django.utils.autoreload | run_with_reloader    | Line 667  | Watching for file changes with StatReloader
2025-06-21 01:44:37,202 | INFO     | django.utils.autoreload | trigger_reload       | Line 265  | D:\IDP_AI_App\Backend\Django Projects (2)\Django Projects\ImageExtraction\authentication\views.py changed, reloading.
2025-06-21 01:44:38,888 | INFO     | django.utils.autoreload | run_with_reloader    | Line 667  | Watching for file changes with StatReloader
2025-06-21 01:45:06,772 | INFO     | django.utils.autoreload | trigger_reload       | Line 265  | D:\IDP_AI_App\Backend\Django Projects (2)\Django Projects\ImageExtraction\authentication\views.py changed, reloading.
2025-06-21 01:45:08,461 | INFO     | django.utils.autoreload | run_with_reloader    | Line 667  | Watching for file changes with StatReloader
2025-06-21 01:53:37,796 | INFO     | django.utils.autoreload | trigger_reload       | Line 265  | D:\IDP_AI_App\Backend\Django Projects (2)\Django Projects\ImageExtraction\authentication\views.py changed, reloading.
2025-06-21 01:53:39,534 | INFO     | django.utils.autoreload | run_with_reloader    | Line 667  | Watching for file changes with StatReloader
2025-06-21 01:56:23,068 | INFO     | django.utils.autoreload | trigger_reload       | Line 265  | D:\IDP_AI_App\Backend\Django Projects (2)\Django Projects\ImageExtraction\authentication\views.py changed, reloading.
2025-06-21 01:56:24,829 | INFO     | django.utils.autoreload | run_with_reloader    | Line 667  | Watching for file changes with StatReloader
2025-06-21 01:57:25,217 | INFO     | django.utils.autoreload | trigger_reload       | Line 265  | D:\IDP_AI_App\Backend\Django Projects (2)\Django Projects\ImageExtraction\authentication\views.py changed, reloading.
2025-06-21 01:57:26,940 | INFO     | django.utils.autoreload | run_with_reloader    | Line 667  | Watching for file changes with StatReloader
2025-06-21 01:57:41,871 | INFO     | authentication.views | post                 | Line 157  | Login attempt received.
2025-06-21 01:57:42,423 | INFO     | authentication.views | post                 | Line 174  | Login successful for user: NikhilVDX
2025-06-21 01:58:01,243 | INFO     | ImageApp1.views | post                 | Line 568  | Upload request received
2025-06-21 01:58:03,471 | INFO     |            root | post                 | Line 738  | Input tokens: 1563, Output tokens: 136
2025-06-21 01:58:08,299 | INFO     | ImageApp1.views | post                 | Line 779  | Document processed and saved successfully. Document ID: gAAAAABoVhGwz2ygEYzVTdLY0KshcX776IgK6YZ4PsRFF1HTAeaTRkmCfKE6pesgRyHIbDFTPlbwutXvOk245_9_kHfCl7lW4g==
2025-06-21 01:58:08,467 | INFO     | ImageApp1.views | get                  | Line 292  | GetDocumentByIdView called with encrypted ID: gAAAAABoVhGwz2ygEYzVTdLY0KshcX776IgK6YZ4PsRFF1HTAeaTRkmCfKE6pesgRyHIbDFTPlbwutXvOk245_9_kHfCl7lW4g==
2025-06-21 01:58:08,471 | DEBUG    | ImageApp1.views | get                  | Line 296  | Decrypted ID: 119
2025-06-21 01:58:08,485 | INFO     | ImageApp1.views | get                  | Line 300  | Document 119 retrieved successfully
2025-06-21 01:58:35,302 | INFO     | ImageApp1.views | get                  | Line 356  | UserDocumentView accessed by user ID: 7
2025-06-21 01:58:35,303 | INFO     | ImageApp1.views | get                  | Line 363  | Fetching documents for user ID: 7
2025-06-21 01:58:35,332 | INFO     | ImageApp1.views | get                  | Line 372  | 44 documents retrieved successfully.
2025-06-21 10:20:09,267 | INFO     | authentication.views | post                 | Line 157  | Login attempt received.
2025-06-21 10:20:09,844 | INFO     | authentication.views | post                 | Line 174  | Login successful for user: NikhilVDX
2025-06-21 10:23:10,555 | INFO     | ImageApp1.views | post                 | Line 568  | Upload request received
2025-06-21 10:23:33,404 | INFO     | ImageApp1.views | post                 | Line 779  | Document processed and saved successfully. Document ID: gAAAAABoVoglea-pET9zM5bFDFgjrTxl4o2OpDMaC4kWyZwk2KI3j0PSWcw_Rb0ZN7iMqttCfcuYKlR2H410U3A10CEnbRByig==
2025-06-21 10:23:33,568 | INFO     | ImageApp1.views | get                  | Line 292  | GetDocumentByIdView called with encrypted ID: gAAAAABoVoglea-pET9zM5bFDFgjrTxl4o2OpDMaC4kWyZwk2KI3j0PSWcw_Rb0ZN7iMqttCfcuYKlR2H410U3A10CEnbRByig==
2025-06-21 10:23:33,569 | DEBUG    | ImageApp1.views | get                  | Line 296  | Decrypted ID: 120
2025-06-21 10:23:33,586 | INFO     | ImageApp1.views | get                  | Line 300  | Document 120 retrieved successfully
2025-06-21 10:24:08,181 | INFO     | ImageApp1.views | get                  | Line 356  | UserDocumentView accessed by user ID: 7
2025-06-21 10:24:08,182 | INFO     | ImageApp1.views | get                  | Line 363  | Fetching documents for user ID: 7
2025-06-21 10:24:08,206 | INFO     | ImageApp1.views | get                  | Line 372  | 45 documents retrieved successfully.
2025-06-21 10:24:15,218 | INFO     | ImageApp1.views | get                  | Line 292  | GetDocumentByIdView called with encrypted ID: gAAAAABoVohIvWxiESo2CbQhc-HwFzhB4ZrcvTtZusiJGZR6N3e9ps3Ig8O9w2zwEDpHF_5cxzYQkESCRIWYctmhM9QxPYWm6g==
2025-06-21 10:24:15,219 | DEBUG    | ImageApp1.views | get                  | Line 296  | Decrypted ID: 120
2025-06-21 10:24:15,234 | INFO     | ImageApp1.views | get                  | Line 300  | Document 120 retrieved successfully
2025-06-21 10:24:20,655 | INFO     | ImageApp1.views | get                  | Line 356  | UserDocumentView accessed by user ID: 7
2025-06-21 10:24:20,656 | INFO     | ImageApp1.views | get                  | Line 363  | Fetching documents for user ID: 7
2025-06-21 10:24:20,683 | INFO     | ImageApp1.views | get                  | Line 372  | 45 documents retrieved successfully.
2025-06-21 10:24:33,115 | INFO     | ImageApp1.views | post                 | Line 568  | Upload request received
2025-06-21 10:24:47,079 | INFO     | ImageApp1.views | post                 | Line 779  | Document processed and saved successfully. Document ID: gAAAAABoVohvF1ta1MLmUxN6A-gEscFM469vdS7MnWI0-qqsvFlzUu-GqVDmdS9aKys4Rhwn_yyJ7Sk6VXZfcbTVBO9rmW2PIQ==
2025-06-21 10:24:47,233 | INFO     | ImageApp1.views | get                  | Line 292  | GetDocumentByIdView called with encrypted ID: gAAAAABoVohvF1ta1MLmUxN6A-gEscFM469vdS7MnWI0-qqsvFlzUu-GqVDmdS9aKys4Rhwn_yyJ7Sk6VXZfcbTVBO9rmW2PIQ==
2025-06-21 10:24:47,234 | DEBUG    | ImageApp1.views | get                  | Line 296  | Decrypted ID: 121
2025-06-21 10:24:47,249 | INFO     | ImageApp1.views | get                  | Line 300  | Document 121 retrieved successfully
2025-06-21 10:25:49,335 | INFO     | ImageApp1.views | post                 | Line 568  | Upload request received
2025-06-21 10:26:28,927 | INFO     | ImageApp1.views | post                 | Line 779  | Document processed and saved successfully. Document ID: gAAAAABoVojUTWvW0PRZ2jezmXzUfkGY6dFUTEtmnoGVCYkYsxSjjRe8Litvzt8dn1ofaxSdLl_spxZa8ENECH1a5pZKZ2kWEA==
2025-06-21 10:26:29,081 | INFO     | ImageApp1.views | get                  | Line 292  | GetDocumentByIdView called with encrypted ID: gAAAAABoVojUTWvW0PRZ2jezmXzUfkGY6dFUTEtmnoGVCYkYsxSjjRe8Litvzt8dn1ofaxSdLl_spxZa8ENECH1a5pZKZ2kWEA==
2025-06-21 10:26:29,082 | DEBUG    | ImageApp1.views | get                  | Line 296  | Decrypted ID: 122
2025-06-21 10:26:29,098 | INFO     | ImageApp1.views | get                  | Line 300  | Document 122 retrieved successfully
2025-06-21 10:26:45,697 | INFO     | ImageApp1.views | get                  | Line 356  | UserDocumentView accessed by user ID: 7
2025-06-21 10:26:45,698 | INFO     | ImageApp1.views | get                  | Line 363  | Fetching documents for user ID: 7
2025-06-21 10:26:45,722 | INFO     | ImageApp1.views | get                  | Line 372  | 47 documents retrieved successfully.
2025-06-21 10:27:05,963 | INFO     | ImageApp1.views | get                  | Line 292  | GetDocumentByIdView called with encrypted ID: gAAAAABoVojlcgLOfIVHEpM50na0TB1a404F6YL2o2B30MLVS840h6E4x-v5FQfOVZNjp5ewFRt8dgSjeT2fJ909_YbvnUuuQA==
2025-06-21 10:27:05,964 | DEBUG    | ImageApp1.views | get                  | Line 296  | Decrypted ID: 122
2025-06-21 10:27:05,977 | INFO     | ImageApp1.views | get                  | Line 300  | Document 122 retrieved successfully
2025-06-21 10:35:35,910 | WARNING  |  django.request | log_response         | Line 241  | Unauthorized: /IDA/documents/
2025-06-21 10:35:41,757 | INFO     | authentication.views | post                 | Line 157  | Login attempt received.
2025-06-21 10:35:42,306 | INFO     | authentication.views | post                 | Line 174  | Login successful for user: NikhilVDX
2025-06-21 10:35:46,212 | INFO     | ImageApp1.views | get                  | Line 356  | UserDocumentView accessed by user ID: 7
2025-06-21 10:35:46,214 | INFO     | ImageApp1.views | get                  | Line 363  | Fetching documents for user ID: 7
2025-06-21 10:35:46,242 | INFO     | ImageApp1.views | get                  | Line 372  | 47 documents retrieved successfully.
2025-06-21 10:35:54,322 | INFO     | ImageApp1.views | get                  | Line 292  | GetDocumentByIdView called with encrypted ID: gAAAAABoVosCt54ZpttYIINClfsbDlIgRB_XX10F_AuyQaTRdYtZf5LTasM5yiIsj36w-z8soGguAus0iMzzAJZHim8yT0wMFA==
2025-06-21 10:35:54,323 | DEBUG    | ImageApp1.views | get                  | Line 296  | Decrypted ID: 120
2025-06-21 10:35:54,339 | INFO     | ImageApp1.views | get                  | Line 300  | Document 120 retrieved successfully
2025-06-21 10:36:30,091 | INFO     | ImageApp1.views | get                  | Line 356  | UserDocumentView accessed by user ID: 7
2025-06-21 10:36:30,092 | INFO     | ImageApp1.views | get                  | Line 363  | Fetching documents for user ID: 7
2025-06-21 10:36:30,123 | INFO     | ImageApp1.views | get                  | Line 372  | 47 documents retrieved successfully.
2025-06-21 10:36:35,665 | INFO     | ImageApp1.views | get                  | Line 292  | GetDocumentByIdView called with encrypted ID: gAAAAABoVosuxPyIsxjV262fbQ5JkobaGHzqZGL5JpODsFokir1nKSxulrT10hX-2WS0XihNJcfmjsHf8b1woJHBFyT7ZmNaiQ==
2025-06-21 10:36:35,666 | DEBUG    | ImageApp1.views | get                  | Line 296  | Decrypted ID: 121
2025-06-21 10:36:35,680 | INFO     | ImageApp1.views | get                  | Line 300  | Document 121 retrieved successfully
2025-06-21 10:47:49,288 | INFO     | ImageApp1.views | get                  | Line 356  | UserDocumentView accessed by user ID: 7
2025-06-21 10:47:49,289 | INFO     | ImageApp1.views | get                  | Line 363  | Fetching documents for user ID: 7
2025-06-21 10:47:49,315 | INFO     | ImageApp1.views | get                  | Line 372  | 47 documents retrieved successfully.
2025-06-21 10:48:04,033 | INFO     | ImageApp1.views | post                 | Line 568  | Upload request received
2025-06-21 10:48:09,284 | INFO     |            root | post                 | Line 738  | Input tokens: 1305, Output tokens: 277
2025-06-21 10:48:12,683 | INFO     | ImageApp1.views | post                 | Line 779  | Document processed and saved successfully. Document ID: gAAAAABoVo3ssp4VSfZnrV0R3hdbujKhgTMNdKsDhERrHugikNXgaDK0a9-nnPE40ZANNm44IW_tzhoYf6tV8P9GeJT-Lk-CwA==
2025-06-21 10:48:12,839 | INFO     | ImageApp1.views | get                  | Line 292  | GetDocumentByIdView called with encrypted ID: gAAAAABoVo3ssp4VSfZnrV0R3hdbujKhgTMNdKsDhERrHugikNXgaDK0a9-nnPE40ZANNm44IW_tzhoYf6tV8P9GeJT-Lk-CwA==
2025-06-21 10:48:12,840 | DEBUG    | ImageApp1.views | get                  | Line 296  | Decrypted ID: 123
2025-06-21 10:48:12,854 | INFO     | ImageApp1.views | get                  | Line 300  | Document 123 retrieved successfully
2025-06-21 10:48:33,135 | INFO     | ImageApp1.views | post                 | Line 568  | Upload request received
2025-06-21 10:48:38,351 | INFO     |            root | post                 | Line 738  | Input tokens: 1305, Output tokens: 649
2025-06-21 10:48:44,023 | INFO     | ImageApp1.views | post                 | Line 779  | Document processed and saved successfully. Document ID: gAAAAABoVo4MtOLGUFE3na3nxwY2jHtLnUCW3Inhqrkf8WP6zIFB1NfpB-LuT-aan7KhtyIWuGptkmRLC4xQh9V6Dzdrpw1W6w==
2025-06-21 10:48:44,175 | INFO     | ImageApp1.views | get                  | Line 292  | GetDocumentByIdView called with encrypted ID: gAAAAABoVo4MtOLGUFE3na3nxwY2jHtLnUCW3Inhqrkf8WP6zIFB1NfpB-LuT-aan7KhtyIWuGptkmRLC4xQh9V6Dzdrpw1W6w==
2025-06-21 10:48:44,176 | DEBUG    | ImageApp1.views | get                  | Line 296  | Decrypted ID: 124
2025-06-21 10:48:44,192 | INFO     | ImageApp1.views | get                  | Line 300  | Document 124 retrieved successfully
2025-06-23 04:57:37,279 | INFO     | authentication.views | post                 | Line 157  | Login attempt received.
2025-06-23 04:57:37,856 | INFO     | authentication.views | post                 | Line 174  | Login successful for user: NikhilVDX
2025-06-23 04:58:44,054 | INFO     | ImageApp1.views | post                 | Line 568  | Upload request received
2025-06-23 04:59:00,408 | INFO     | ImageApp1.views | post                 | Line 779  | Document processed and saved successfully. Document ID: gAAAAABoWN8UFJe-Ptm1pFFhaRIaXhMWNhLXjrBVw8IxJhvX2UxHNgmui9KX0Q2xDVpeH7milF3mQUYGlDFo10VFJKJT-wnfMg==
2025-06-23 04:59:00,552 | INFO     | ImageApp1.views | get                  | Line 292  | GetDocumentByIdView called with encrypted ID: gAAAAABoWN8UFJe-Ptm1pFFhaRIaXhMWNhLXjrBVw8IxJhvX2UxHNgmui9KX0Q2xDVpeH7milF3mQUYGlDFo10VFJKJT-wnfMg==
2025-06-23 04:59:00,553 | DEBUG    | ImageApp1.views | get                  | Line 296  | Decrypted ID: 125
2025-06-23 04:59:00,564 | INFO     | ImageApp1.views | get                  | Line 300  | Document 125 retrieved successfully
2025-06-23 04:59:16,629 | INFO     | ImageApp1.views | post                 | Line 568  | Upload request received
2025-06-23 04:59:31,420 | INFO     | ImageApp1.views | post                 | Line 779  | Document processed and saved successfully. Document ID: gAAAAABoWN8znh6HbnUcCTdnVZriuyKQ1itRb0sPSxd11UGeuAf3XMCbiN_9kO3njNQT1vPnOZ41AGlP6PlEULPLjwXhYXEqbg==
2025-06-23 04:59:31,569 | INFO     | ImageApp1.views | get                  | Line 292  | GetDocumentByIdView called with encrypted ID: gAAAAABoWN8znh6HbnUcCTdnVZriuyKQ1itRb0sPSxd11UGeuAf3XMCbiN_9kO3njNQT1vPnOZ41AGlP6PlEULPLjwXhYXEqbg==
2025-06-23 04:59:31,569 | DEBUG    | ImageApp1.views | get                  | Line 296  | Decrypted ID: 126
2025-06-23 04:59:31,580 | INFO     | ImageApp1.views | get                  | Line 300  | Document 126 retrieved successfully
2025-06-23 04:59:36,507 | INFO     | ImageApp1.views | get                  | Line 356  | UserDocumentView accessed by user ID: 7
2025-06-23 04:59:36,508 | INFO     | ImageApp1.views | get                  | Line 363  | Fetching documents for user ID: 7
2025-06-23 04:59:36,533 | INFO     | ImageApp1.views | get                  | Line 372  | 51 documents retrieved successfully.
2025-06-23 05:03:33,964 | INFO     | ImageApp1.views | get                  | Line 292  | GetDocumentByIdView called with encrypted ID: gAAAAABoWN84CDO3hq6oVF79kLvSbr7GbuSchZvaL-3etyJApn09J3niWY9m942N5b37BysCbPtseBjnVptbz8l-ijFd5iUzNw==
2025-06-23 05:03:33,964 | DEBUG    | ImageApp1.views | get                  | Line 296  | Decrypted ID: 125
2025-06-23 05:03:33,975 | INFO     | ImageApp1.views | get                  | Line 300  | Document 125 retrieved successfully
2025-06-23 05:03:41,016 | INFO     | ImageApp1.views | get                  | Line 356  | UserDocumentView accessed by user ID: 7
2025-06-23 05:03:41,016 | INFO     | ImageApp1.views | get                  | Line 363  | Fetching documents for user ID: 7
2025-06-23 05:03:41,039 | INFO     | ImageApp1.views | get                  | Line 372  | 51 documents retrieved successfully.
2025-06-23 05:03:46,671 | INFO     | ImageApp1.views | get                  | Line 292  | GetDocumentByIdView called with encrypted ID: gAAAAABoWOAtH616MGIvwN9DdN8jdh3ZOedoM5uoDjyUpJZVatGFsDrqy41v8LWdscAB7jmhYvg3uiAp3YEfiQYpnDReUBKKKw==
2025-06-23 05:03:46,672 | DEBUG    | ImageApp1.views | get                  | Line 296  | Decrypted ID: 126
2025-06-23 05:03:46,683 | INFO     | ImageApp1.views | get                  | Line 300  | Document 126 retrieved successfully
2025-06-23 05:30:30,625 | INFO     | authentication.views | post                 | Line 157  | Login attempt received.
2025-06-23 05:30:31,212 | INFO     | authentication.views | post                 | Line 174  | Login successful for user: NikhilVDX
2025-06-23 05:30:46,188 | INFO     | ImageApp1.views | post                 | Line 568  | Upload request received
2025-06-23 05:31:02,973 | INFO     | ImageApp1.views | post                 | Line 779  | Document processed and saved successfully. Document ID: gAAAAABoWOaWURh1Cvv88Z3VOlEbvyF8ZmaVwjfumYfh77yf5azbxOknI7SjBATBzxAtSAgOju_s0-VhTvt7TUm74n8a8-g-fQ==
2025-06-23 05:31:03,130 | INFO     | ImageApp1.views | get                  | Line 292  | GetDocumentByIdView called with encrypted ID: gAAAAABoWOaWURh1Cvv88Z3VOlEbvyF8ZmaVwjfumYfh77yf5azbxOknI7SjBATBzxAtSAgOju_s0-VhTvt7TUm74n8a8-g-fQ==
2025-06-23 05:31:03,131 | DEBUG    | ImageApp1.views | get                  | Line 296  | Decrypted ID: 127
2025-06-23 05:31:03,142 | INFO     | ImageApp1.views | get                  | Line 300  | Document 127 retrieved successfully
2025-06-23 05:46:47,396 | INFO     | authentication.views | post                 | Line 157  | Login attempt received.
2025-06-23 05:46:47,968 | INFO     | authentication.views | post                 | Line 174  | Login successful for user: NikhilVDX
2025-06-23 05:47:04,360 | INFO     | ImageApp1.views | post                 | Line 568  | Upload request received
2025-06-23 05:47:09,014 | INFO     |            root | post                 | Line 738  | Input tokens: 1305, Output tokens: 274
2025-06-23 05:47:12,469 | INFO     | ImageApp1.views | post                 | Line 779  | Document processed and saved successfully. Document ID: gAAAAABoWOpgkYei_2V74pFMBvL_gcf39aisz4oT_7YiTN9I42mtsC8fLg7SDeXKtNZXHQFq-9komOA1F7D6qKrwSGHzumN8RQ==
2025-06-23 05:47:12,610 | INFO     | ImageApp1.views | get                  | Line 292  | GetDocumentByIdView called with encrypted ID: gAAAAABoWOpgkYei_2V74pFMBvL_gcf39aisz4oT_7YiTN9I42mtsC8fLg7SDeXKtNZXHQFq-9komOA1F7D6qKrwSGHzumN8RQ==
2025-06-23 05:47:12,611 | DEBUG    | ImageApp1.views | get                  | Line 296  | Decrypted ID: 128
2025-06-23 05:47:12,622 | INFO     | ImageApp1.views | get                  | Line 300  | Document 128 retrieved successfully
2025-06-23 05:47:26,875 | INFO     | ImageApp1.views | post                 | Line 568  | Upload request received
2025-06-23 05:47:30,514 | INFO     |            root | post                 | Line 738  | Input tokens: 1305, Output tokens: 277
2025-06-23 05:47:33,964 | INFO     | ImageApp1.views | post                 | Line 779  | Document processed and saved successfully. Document ID: gAAAAABoWOp1OYz1mjjc5GhSfAhyXZmgOSU-AlbWzHfaF0KER960nS8oCQ3Ut_tKx5-0jXhTu64ZE4zUqTkfUnmFGMzYLIbknA==
2025-06-23 05:47:34,118 | INFO     | ImageApp1.views | get                  | Line 292  | GetDocumentByIdView called with encrypted ID: gAAAAABoWOp1OYz1mjjc5GhSfAhyXZmgOSU-AlbWzHfaF0KER960nS8oCQ3Ut_tKx5-0jXhTu64ZE4zUqTkfUnmFGMzYLIbknA==
2025-06-23 05:47:34,119 | DEBUG    | ImageApp1.views | get                  | Line 296  | Decrypted ID: 129
2025-06-23 05:47:34,130 | INFO     | ImageApp1.views | get                  | Line 300  | Document 129 retrieved successfully
2025-06-23 07:06:43,741 | INFO     | django.utils.autoreload | trigger_reload       | Line 265  | D:\IDP_AI_App\Backend\Django Projects (2)\Django Projects\ImageExtraction\ImageApp1\views.py changed, reloading.
